2020-10-27 10:54:18,450 [INFO] from akka.event.slf4j.Slf4jLogger in application-akka.actor.default-dispatcher-5 - Slf4jLogger started
2020-10-27 10:54:19,938 [INFO] from play.api.Play in Thread-0 - Application started (Prod) (no global state)
2020-10-27 10:54:22,097 [INFO] from play.core.server.AkkaHttpServer in Thread-0 - Enabling HTTP/2 on Akka HTTP server...
2020-10-27 10:54:22,100 [INFO] from play.core.server.AkkaHttpServer in Thread-0 - Listening for HTTP on /0:0:0:0:0:0:0:0:8080
2020-10-27 11:35:54,475 [ERROR] from play.api.http.DefaultHttpErrorHandler in application-akka.actor.default-dispatcher-12 - 

! @7hhhobp7d - Internal server error, for (GET) [/test/default] ->
 
play.api.UnexpectedException: Unexpected exception[ProvisionException: Unable to provision, see the following errors:

1) Error injecting constructor, java.lang.UnsupportedClassVersionError: com/jpro/internal/server/LogOutputStream has been compiled by a more recent version of the Java Runtime (class file version 53.0), this version of the Java Runtime only recognizes class file versions up to 52.0
  at controllers.jpro.<init>(jpro.scala:42)
  while locating controllers.jpro
    for the 2nd parameter of jpro.Routes.<init>(Routes.scala:29)
  while locating jpro.Routes
    for the 3rd parameter of router.Routes.<init>(Routes.scala:29)
  while locating router.Routes
  while locating play.api.inject.RoutesProvider
  while locating play.api.routing.Router

1 error]
	at play.api.http.HttpErrorHandlerExceptions$.throwableToUsefulException(HttpErrorHandler.scala:355)
	at play.api.http.DefaultHttpErrorHandler.onServerError(HttpErrorHandler.scala:261)
	at play.core.server.Server$$anonfun$handleErrors$1$1.applyOrElse(Server.scala:109)
	at play.core.server.Server$$anonfun$handleErrors$1$1.applyOrElse(Server.scala:105)
	at scala.runtime.AbstractPartialFunction.apply(AbstractPartialFunction.scala:38)
	at play.core.server.Server$.getHandlerFor(Server.scala:129)
	at play.core.server.AkkaHttpServer.handleRequest(AkkaHttpServer.scala:316)
	at play.core.server.AkkaHttpServer.$anonfun$createServerBinding$1(AkkaHttpServer.scala:191)
	at akka.http.scaladsl.Http2Ext.$anonfun$handleUpgradeRequests$1(Http2.scala:145)
	at akka.stream.impl.fusing.MapAsync$$anon$30.onPush(Ops.scala:1285)
	at akka.stream.impl.fusing.GraphInterpreter.processPush(GraphInterpreter.scala:541)
	at akka.stream.impl.fusing.GraphInterpreter.execute(GraphInterpreter.scala:423)
	at akka.stream.impl.fusing.GraphInterpreterShell.runBatch(ActorGraphInterpreter.scala:625)
	at akka.stream.impl.fusing.ActorGraphInterpreter$SimpleBoundaryEvent.execute(ActorGraphInterpreter.scala:56)
	at akka.stream.impl.fusing.ActorGraphInterpreter$SimpleBoundaryEvent.execute$(ActorGraphInterpreter.scala:52)
	at akka.stream.impl.fusing.ActorGraphInterpreter$BatchingActorInputBoundary$OnNext.execute(ActorGraphInterpreter.scala:95)
	at akka.stream.impl.fusing.GraphInterpreterShell.processEvent(ActorGraphInterpreter.scala:600)
	at akka.stream.impl.fusing.ActorGraphInterpreter.akka$stream$impl$fusing$ActorGraphInterpreter$$processEvent(ActorGraphInterpreter.scala:769)
	at akka.stream.impl.fusing.ActorGraphInterpreter$$anonfun$receive$1.applyOrElse(ActorGraphInterpreter.scala:784)
	at akka.actor.Actor.aroundReceive(Actor.scala:535)
	at akka.actor.Actor.aroundReceive$(Actor.scala:533)
	at akka.stream.impl.fusing.ActorGraphInterpreter.aroundReceive(ActorGraphInterpreter.scala:691)
	at akka.actor.ActorCell.receiveMessage(ActorCell.scala:575)
	at akka.actor.ActorCell.invoke(ActorCell.scala:545)
	at akka.dispatch.Mailbox.processMailbox(Mailbox.scala:270)
	at akka.dispatch.Mailbox.run(Mailbox.scala:231)
	at akka.dispatch.Mailbox.exec(Mailbox.scala:243)
	at java.util.concurrent.ForkJoinTask.doExec(Unknown Source)
	at java.util.concurrent.ForkJoinPool$WorkQueue.runTask(Unknown Source)
	at java.util.concurrent.ForkJoinPool.runWorker(Unknown Source)
	at java.util.concurrent.ForkJoinWorkerThread.run(Unknown Source)
Caused by: com.google.inject.ProvisionException: Unable to provision, see the following errors:

1) Error injecting constructor, java.lang.UnsupportedClassVersionError: com/jpro/internal/server/LogOutputStream has been compiled by a more recent version of the Java Runtime (class file version 53.0), this version of the Java Runtime only recognizes class file versions up to 52.0
  at controllers.jpro.<init>(jpro.scala:42)
  while locating controllers.jpro
    for the 2nd parameter of jpro.Routes.<init>(Routes.scala:29)
  while locating jpro.Routes
    for the 3rd parameter of router.Routes.<init>(Routes.scala:29)
  while locating router.Routes
  while locating play.api.inject.RoutesProvider
  while locating play.api.routing.Router

1 error
	at com.google.inject.internal.InternalProvisionException.toProvisionException(InternalProvisionException.java:226)
	at com.google.inject.internal.InjectorImpl$1.get(InjectorImpl.java:1097)
	at play.api.http.DefaultHttpRequestHandler.routeRequest(HttpRequestHandler.scala:289)
	at play.api.http.JavaCompatibleHttpRequestHandler.routeRequest(HttpRequestHandler.scala:396)
	at play.api.http.DefaultHttpRequestHandler.routeWithFallback$1(HttpRequestHandler.scala:187)
	at play.api.http.DefaultHttpRequestHandler.handlerForRequest(HttpRequestHandler.scala:237)
	at play.core.server.Server$.getHandlerFor(Server.scala:126)
	... 25 common frames omitted
Caused by: java.lang.UnsupportedClassVersionError: com/jpro/internal/server/LogOutputStream has been compiled by a more recent version of the Java Runtime (class file version 53.0), this version of the Java Runtime only recognizes class file versions up to 52.0
	at java.lang.ClassLoader.defineClass1(Native Method)
	at java.lang.ClassLoader.defineClass(Unknown Source)
	at java.security.SecureClassLoader.defineClass(Unknown Source)
	at java.net.URLClassLoader.defineClass(Unknown Source)
	at java.net.URLClassLoader.access$100(Unknown Source)
	at java.net.URLClassLoader$1.run(Unknown Source)
	at java.net.URLClassLoader$1.run(Unknown Source)
	at java.security.AccessController.doPrivileged(Native Method)
	at java.net.URLClassLoader.findClass(Unknown Source)
	at java.lang.ClassLoader.loadClass(Unknown Source)
	at java.lang.ClassLoader.loadClass(Unknown Source)
	at java.lang.ClassLoader.defineClass1(Native Method)
	at java.lang.ClassLoader.defineClass(Unknown Source)
	at java.security.SecureClassLoader.defineClass(Unknown Source)
	at java.net.URLClassLoader.defineClass(Unknown Source)
	at java.net.URLClassLoader.access$100(Unknown Source)
	at java.net.URLClassLoader$1.run(Unknown Source)
	at java.net.URLClassLoader$1.run(Unknown Source)
	at java.security.AccessController.doPrivileged(Native Method)
	at java.net.URLClassLoader.findClass(Unknown Source)
	at java.lang.ClassLoader.loadClass(Unknown Source)
	at java.lang.ClassLoader.loadClass(Unknown Source)
	at controllers.jpro.<init>(jpro.scala:51)
	at controllers.jpro$$FastClassByGuice$$3baba93a.newInstance(<generated>)
	at com.google.inject.internal.DefaultConstructionProxyFactory$FastClassProxy.newInstance(DefaultConstructionProxyFactory.java:89)
	at com.google.inject.internal.ConstructorInjector.provision(ConstructorInjector.java:114)
	at com.google.inject.internal.ConstructorInjector.construct(ConstructorInjector.java:91)
	at com.google.inject.internal.ConstructorBindingImpl$Factory.get(ConstructorBindingImpl.java:306)
	at com.google.inject.internal.SingleParameterInjector.inject(SingleParameterInjector.java:42)
	at com.google.inject.internal.SingleParameterInjector.getAll(SingleParameterInjector.java:65)
	at com.google.inject.internal.ConstructorInjector.provision(ConstructorInjector.java:113)
	at com.google.inject.internal.ConstructorInjector.construct(ConstructorInjector.java:91)
	at com.google.inject.internal.ConstructorBindingImpl$Factory.get(ConstructorBindingImpl.java:306)
	at com.google.inject.internal.SingleParameterInjector.inject(SingleParameterInjector.java:42)
	at com.google.inject.internal.SingleParameterInjector.getAll(SingleParameterInjector.java:65)
	at com.google.inject.internal.ConstructorInjector.provision(ConstructorInjector.java:113)
	at com.google.inject.internal.ConstructorInjector.construct(ConstructorInjector.java:91)
	at com.google.inject.internal.ConstructorBindingImpl$Factory.get(ConstructorBindingImpl.java:306)
	at com.google.inject.internal.InjectorImpl$1.get(InjectorImpl.java:1094)
	at com.google.inject.internal.InjectorImpl.getInstance(InjectorImpl.java:1131)
	at play.api.inject.guice.GuiceInjector.instanceOf(GuiceInjectorBuilder.scala:436)
	at play.api.inject.ContextClassLoaderInjector.$anonfun$instanceOf$3(Injector.scala:120)
	at play.api.inject.ContextClassLoaderInjector.withContext(Injector.scala:128)
	at play.api.inject.ContextClassLoaderInjector.instanceOf(Injector.scala:120)
	at play.api.inject.RoutesProvider.$anonfun$get$2(BuiltinModule.scala:119)
	at scala.Option.fold(Option.scala:251)
	at play.api.inject.RoutesProvider.get$lzycompute(BuiltinModule.scala:119)
	at play.api.inject.RoutesProvider.get(BuiltinModule.scala:114)
	at play.api.inject.RoutesProvider.get(BuiltinModule.scala:108)
	at com.google.inject.internal.ProviderInternalFactory.provision(ProviderInternalFactory.java:85)
	at com.google.inject.internal.BoundProviderFactory.provision(BoundProviderFactory.java:77)
	at com.google.inject.internal.ProviderInternalFactory.circularGet(ProviderInternalFactory.java:59)
	at com.google.inject.internal.BoundProviderFactory.get(BoundProviderFactory.java:61)
	at com.google.inject.internal.InjectorImpl$1.get(InjectorImpl.java:1094)
	... 30 common frames omitted
2020-10-27 11:36:48,660 [ERROR] from play.api.http.DefaultHttpErrorHandler in application-akka.actor.default-dispatcher-18 - 

! @7hhhof1c0 - Internal server error, for (GET) [/test/fullscreen/] ->
 
play.api.UnexpectedException: Unexpected exception[ProvisionException: Unable to provision, see the following errors:

1) Error injecting constructor, java.lang.UnsupportedClassVersionError: com/jpro/internal/server/LogOutputStream has been compiled by a more recent version of the Java Runtime (class file version 53.0), this version of the Java Runtime only recognizes class file versions up to 52.0
  at controllers.jpro.<init>(jpro.scala:42)
  while locating controllers.jpro
    for the 2nd parameter of jpro.Routes.<init>(Routes.scala:29)
  while locating jpro.Routes
    for the 3rd parameter of router.Routes.<init>(Routes.scala:29)
  while locating router.Routes
  while locating play.api.inject.RoutesProvider
  while locating play.api.routing.Router

1 error]
	at play.api.http.HttpErrorHandlerExceptions$.throwableToUsefulException(HttpErrorHandler.scala:355)
	at play.api.http.DefaultHttpErrorHandler.onServerError(HttpErrorHandler.scala:261)
	at play.core.server.Server$$anonfun$handleErrors$1$1.applyOrElse(Server.scala:109)
	at play.core.server.Server$$anonfun$handleErrors$1$1.applyOrElse(Server.scala:105)
	at scala.runtime.AbstractPartialFunction.apply(AbstractPartialFunction.scala:38)
	at play.core.server.Server$.getHandlerFor(Server.scala:129)
	at play.core.server.AkkaHttpServer.handleRequest(AkkaHttpServer.scala:316)
	at play.core.server.AkkaHttpServer.$anonfun$createServerBinding$1(AkkaHttpServer.scala:191)
	at akka.http.scaladsl.Http2Ext.$anonfun$handleUpgradeRequests$1(Http2.scala:145)
	at akka.stream.impl.fusing.MapAsync$$anon$30.onPush(Ops.scala:1285)
	at akka.stream.impl.fusing.GraphInterpreter.processPush(GraphInterpreter.scala:541)
	at akka.stream.impl.fusing.GraphInterpreter.execute(GraphInterpreter.scala:423)
	at akka.stream.impl.fusing.GraphInterpreterShell.runBatch(ActorGraphInterpreter.scala:625)
	at akka.stream.impl.fusing.ActorGraphInterpreter$SimpleBoundaryEvent.execute(ActorGraphInterpreter.scala:56)
	at akka.stream.impl.fusing.ActorGraphInterpreter$SimpleBoundaryEvent.execute$(ActorGraphInterpreter.scala:52)
	at akka.stream.impl.fusing.ActorGraphInterpreter$RequestMore.execute(ActorGraphInterpreter.scala:274)
	at akka.stream.impl.fusing.GraphInterpreterShell.processEvent(ActorGraphInterpreter.scala:600)
	at akka.stream.impl.fusing.ActorGraphInterpreter.akka$stream$impl$fusing$ActorGraphInterpreter$$processEvent(ActorGraphInterpreter.scala:769)
	at akka.stream.impl.fusing.ActorGraphInterpreter$$anonfun$receive$1.applyOrElse(ActorGraphInterpreter.scala:784)
	at akka.actor.Actor.aroundReceive(Actor.scala:535)
	at akka.actor.Actor.aroundReceive$(Actor.scala:533)
	at akka.stream.impl.fusing.ActorGraphInterpreter.aroundReceive(ActorGraphInterpreter.scala:691)
	at akka.actor.ActorCell.receiveMessage(ActorCell.scala:575)
	at akka.actor.ActorCell.invoke(ActorCell.scala:545)
	at akka.dispatch.Mailbox.processMailbox(Mailbox.scala:270)
	at akka.dispatch.Mailbox.run(Mailbox.scala:231)
	at akka.dispatch.Mailbox.exec(Mailbox.scala:243)
	at java.util.concurrent.ForkJoinTask.doExec(Unknown Source)
	at java.util.concurrent.ForkJoinPool$WorkQueue.runTask(Unknown Source)
	at java.util.concurrent.ForkJoinPool.runWorker(Unknown Source)
	at java.util.concurrent.ForkJoinWorkerThread.run(Unknown Source)
Caused by: com.google.inject.ProvisionException: Unable to provision, see the following errors:

1) Error injecting constructor, java.lang.UnsupportedClassVersionError: com/jpro/internal/server/LogOutputStream has been compiled by a more recent version of the Java Runtime (class file version 53.0), this version of the Java Runtime only recognizes class file versions up to 52.0
  at controllers.jpro.<init>(jpro.scala:42)
  while locating controllers.jpro
    for the 2nd parameter of jpro.Routes.<init>(Routes.scala:29)
  while locating jpro.Routes
    for the 3rd parameter of router.Routes.<init>(Routes.scala:29)
  while locating router.Routes
  while locating play.api.inject.RoutesProvider
  while locating play.api.routing.Router

1 error
	at com.google.inject.internal.InternalProvisionException.toProvisionException(InternalProvisionException.java:226)
	at com.google.inject.internal.InjectorImpl$1.get(InjectorImpl.java:1097)
	at play.api.http.DefaultHttpRequestHandler.routeRequest(HttpRequestHandler.scala:289)
	at play.api.http.JavaCompatibleHttpRequestHandler.routeRequest(HttpRequestHandler.scala:396)
	at play.api.http.DefaultHttpRequestHandler.routeWithFallback$1(HttpRequestHandler.scala:187)
	at play.api.http.DefaultHttpRequestHandler.handlerForRequest(HttpRequestHandler.scala:237)
	at play.core.server.Server$.getHandlerFor(Server.scala:126)
	... 25 common frames omitted
Caused by: java.lang.UnsupportedClassVersionError: com/jpro/internal/server/LogOutputStream has been compiled by a more recent version of the Java Runtime (class file version 53.0), this version of the Java Runtime only recognizes class file versions up to 52.0
	at java.lang.ClassLoader.defineClass1(Native Method)
	at java.lang.ClassLoader.defineClass(Unknown Source)
	at java.security.SecureClassLoader.defineClass(Unknown Source)
	at java.net.URLClassLoader.defineClass(Unknown Source)
	at java.net.URLClassLoader.access$100(Unknown Source)
	at java.net.URLClassLoader$1.run(Unknown Source)
	at java.net.URLClassLoader$1.run(Unknown Source)
	at java.security.AccessController.doPrivileged(Native Method)
	at java.net.URLClassLoader.findClass(Unknown Source)
	at java.lang.ClassLoader.loadClass(Unknown Source)
	at java.lang.ClassLoader.loadClass(Unknown Source)
	at java.lang.ClassLoader.defineClass1(Native Method)
	at java.lang.ClassLoader.defineClass(Unknown Source)
	at java.security.SecureClassLoader.defineClass(Unknown Source)
	at java.net.URLClassLoader.defineClass(Unknown Source)
	at java.net.URLClassLoader.access$100(Unknown Source)
	at java.net.URLClassLoader$1.run(Unknown Source)
	at java.net.URLClassLoader$1.run(Unknown Source)
	at java.security.AccessController.doPrivileged(Native Method)
	at java.net.URLClassLoader.findClass(Unknown Source)
	at java.lang.ClassLoader.loadClass(Unknown Source)
	at java.lang.ClassLoader.loadClass(Unknown Source)
	at controllers.jpro.<init>(jpro.scala:51)
	at controllers.jpro$$FastClassByGuice$$3baba93a.newInstance(<generated>)
	at com.google.inject.internal.DefaultConstructionProxyFactory$FastClassProxy.newInstance(DefaultConstructionProxyFactory.java:89)
	at com.google.inject.internal.ConstructorInjector.provision(ConstructorInjector.java:114)
	at com.google.inject.internal.ConstructorInjector.construct(ConstructorInjector.java:91)
	at com.google.inject.internal.ConstructorBindingImpl$Factory.get(ConstructorBindingImpl.java:306)
	at com.google.inject.internal.SingleParameterInjector.inject(SingleParameterInjector.java:42)
	at com.google.inject.internal.SingleParameterInjector.getAll(SingleParameterInjector.java:65)
	at com.google.inject.internal.ConstructorInjector.provision(ConstructorInjector.java:113)
	at com.google.inject.internal.ConstructorInjector.construct(ConstructorInjector.java:91)
	at com.google.inject.internal.ConstructorBindingImpl$Factory.get(ConstructorBindingImpl.java:306)
	at com.google.inject.internal.SingleParameterInjector.inject(SingleParameterInjector.java:42)
	at com.google.inject.internal.SingleParameterInjector.getAll(SingleParameterInjector.java:65)
	at com.google.inject.internal.ConstructorInjector.provision(ConstructorInjector.java:113)
	at com.google.inject.internal.ConstructorInjector.construct(ConstructorInjector.java:91)
	at com.google.inject.internal.ConstructorBindingImpl$Factory.get(ConstructorBindingImpl.java:306)
	at com.google.inject.internal.InjectorImpl$1.get(InjectorImpl.java:1094)
	at com.google.inject.internal.InjectorImpl.getInstance(InjectorImpl.java:1131)
	at play.api.inject.guice.GuiceInjector.instanceOf(GuiceInjectorBuilder.scala:436)
	at play.api.inject.ContextClassLoaderInjector.$anonfun$instanceOf$3(Injector.scala:120)
	at play.api.inject.ContextClassLoaderInjector.withContext(Injector.scala:128)
	at play.api.inject.ContextClassLoaderInjector.instanceOf(Injector.scala:120)
	at play.api.inject.RoutesProvider.$anonfun$get$2(BuiltinModule.scala:119)
	at scala.Option.fold(Option.scala:251)
	at play.api.inject.RoutesProvider.get$lzycompute(BuiltinModule.scala:119)
	at play.api.inject.RoutesProvider.get(BuiltinModule.scala:114)
	at play.api.inject.RoutesProvider.get(BuiltinModule.scala:108)
	at com.google.inject.internal.ProviderInternalFactory.provision(ProviderInternalFactory.java:85)
	at com.google.inject.internal.BoundProviderFactory.provision(BoundProviderFactory.java:77)
	at com.google.inject.internal.ProviderInternalFactory.circularGet(ProviderInternalFactory.java:59)
	at com.google.inject.internal.BoundProviderFactory.get(BoundProviderFactory.java:61)
	at com.google.inject.internal.InjectorImpl$1.get(InjectorImpl.java:1094)
	... 30 common frames omitted
2020-10-27 11:55:16,508 [ERROR] from play.api.http.DefaultHttpErrorHandler in application-akka.actor.default-dispatcher-25 - 

! @7hhi1027d - Internal server error, for (GET) [/] ->
 
play.api.UnexpectedException: Unexpected exception[ProvisionException: Unable to provision, see the following errors:

1) Error injecting constructor, java.lang.UnsupportedClassVersionError: com/jpro/internal/server/LogOutputStream has been compiled by a more recent version of the Java Runtime (class file version 53.0), this version of the Java Runtime only recognizes class file versions up to 52.0
  at controllers.jpro.<init>(jpro.scala:42)
  while locating controllers.jpro
    for the 2nd parameter of jpro.Routes.<init>(Routes.scala:29)
  while locating jpro.Routes
    for the 3rd parameter of router.Routes.<init>(Routes.scala:29)
  while locating router.Routes
  while locating play.api.inject.RoutesProvider
  while locating play.api.routing.Router

1 error]
	at play.api.http.HttpErrorHandlerExceptions$.throwableToUsefulException(HttpErrorHandler.scala:355)
	at play.api.http.DefaultHttpErrorHandler.onServerError(HttpErrorHandler.scala:261)
	at play.core.server.Server$$anonfun$handleErrors$1$1.applyOrElse(Server.scala:109)
	at play.core.server.Server$$anonfun$handleErrors$1$1.applyOrElse(Server.scala:105)
	at scala.runtime.AbstractPartialFunction.apply(AbstractPartialFunction.scala:38)
	at play.core.server.Server$.getHandlerFor(Server.scala:129)
	at play.core.server.AkkaHttpServer.handleRequest(AkkaHttpServer.scala:316)
	at play.core.server.AkkaHttpServer.$anonfun$createServerBinding$1(AkkaHttpServer.scala:191)
	at akka.http.scaladsl.Http2Ext.$anonfun$handleUpgradeRequests$1(Http2.scala:145)
	at akka.stream.impl.fusing.MapAsync$$anon$30.onPush(Ops.scala:1285)
	at akka.stream.impl.fusing.GraphInterpreter.processPush(GraphInterpreter.scala:541)
	at akka.stream.impl.fusing.GraphInterpreter.execute(GraphInterpreter.scala:423)
	at akka.stream.impl.fusing.GraphInterpreterShell.runBatch(ActorGraphInterpreter.scala:625)
	at akka.stream.impl.fusing.ActorGraphInterpreter$SimpleBoundaryEvent.execute(ActorGraphInterpreter.scala:56)
	at akka.stream.impl.fusing.ActorGraphInterpreter$SimpleBoundaryEvent.execute$(ActorGraphInterpreter.scala:52)
	at akka.stream.impl.fusing.ActorGraphInterpreter$BatchingActorInputBoundary$OnNext.execute(ActorGraphInterpreter.scala:95)
	at akka.stream.impl.fusing.GraphInterpreterShell.processEvent(ActorGraphInterpreter.scala:600)
	at akka.stream.impl.fusing.ActorGraphInterpreter.akka$stream$impl$fusing$ActorGraphInterpreter$$processEvent(ActorGraphInterpreter.scala:769)
	at akka.stream.impl.fusing.ActorGraphInterpreter$$anonfun$receive$1.applyOrElse(ActorGraphInterpreter.scala:784)
	at akka.actor.Actor.aroundReceive(Actor.scala:535)
	at akka.actor.Actor.aroundReceive$(Actor.scala:533)
	at akka.stream.impl.fusing.ActorGraphInterpreter.aroundReceive(ActorGraphInterpreter.scala:691)
	at akka.actor.ActorCell.receiveMessage(ActorCell.scala:575)
	at akka.actor.ActorCell.invoke(ActorCell.scala:545)
	at akka.dispatch.Mailbox.processMailbox(Mailbox.scala:270)
	at akka.dispatch.Mailbox.run(Mailbox.scala:231)
	at akka.dispatch.Mailbox.exec(Mailbox.scala:243)
	at java.util.concurrent.ForkJoinTask.doExec(Unknown Source)
	at java.util.concurrent.ForkJoinPool$WorkQueue.runTask(Unknown Source)
	at java.util.concurrent.ForkJoinPool.runWorker(Unknown Source)
	at java.util.concurrent.ForkJoinWorkerThread.run(Unknown Source)
Caused by: com.google.inject.ProvisionException: Unable to provision, see the following errors:

1) Error injecting constructor, java.lang.UnsupportedClassVersionError: com/jpro/internal/server/LogOutputStream has been compiled by a more recent version of the Java Runtime (class file version 53.0), this version of the Java Runtime only recognizes class file versions up to 52.0
  at controllers.jpro.<init>(jpro.scala:42)
  while locating controllers.jpro
    for the 2nd parameter of jpro.Routes.<init>(Routes.scala:29)
  while locating jpro.Routes
    for the 3rd parameter of router.Routes.<init>(Routes.scala:29)
  while locating router.Routes
  while locating play.api.inject.RoutesProvider
  while locating play.api.routing.Router

1 error
	at com.google.inject.internal.InternalProvisionException.toProvisionException(InternalProvisionException.java:226)
	at com.google.inject.internal.InjectorImpl$1.get(InjectorImpl.java:1097)
	at play.api.http.DefaultHttpRequestHandler.routeRequest(HttpRequestHandler.scala:289)
	at play.api.http.JavaCompatibleHttpRequestHandler.routeRequest(HttpRequestHandler.scala:396)
	at play.api.http.DefaultHttpRequestHandler.routeWithFallback$1(HttpRequestHandler.scala:187)
	at play.api.http.DefaultHttpRequestHandler.handlerForRequest(HttpRequestHandler.scala:237)
	at play.core.server.Server$.getHandlerFor(Server.scala:126)
	... 25 common frames omitted
Caused by: java.lang.UnsupportedClassVersionError: com/jpro/internal/server/LogOutputStream has been compiled by a more recent version of the Java Runtime (class file version 53.0), this version of the Java Runtime only recognizes class file versions up to 52.0
	at java.lang.ClassLoader.defineClass1(Native Method)
	at java.lang.ClassLoader.defineClass(Unknown Source)
	at java.security.SecureClassLoader.defineClass(Unknown Source)
	at java.net.URLClassLoader.defineClass(Unknown Source)
	at java.net.URLClassLoader.access$100(Unknown Source)
	at java.net.URLClassLoader$1.run(Unknown Source)
	at java.net.URLClassLoader$1.run(Unknown Source)
	at java.security.AccessController.doPrivileged(Native Method)
	at java.net.URLClassLoader.findClass(Unknown Source)
	at java.lang.ClassLoader.loadClass(Unknown Source)
	at java.lang.ClassLoader.loadClass(Unknown Source)
	at java.lang.ClassLoader.defineClass1(Native Method)
	at java.lang.ClassLoader.defineClass(Unknown Source)
	at java.security.SecureClassLoader.defineClass(Unknown Source)
	at java.net.URLClassLoader.defineClass(Unknown Source)
	at java.net.URLClassLoader.access$100(Unknown Source)
	at java.net.URLClassLoader$1.run(Unknown Source)
	at java.net.URLClassLoader$1.run(Unknown Source)
	at java.security.AccessController.doPrivileged(Native Method)
	at java.net.URLClassLoader.findClass(Unknown Source)
	at java.lang.ClassLoader.loadClass(Unknown Source)
	at java.lang.ClassLoader.loadClass(Unknown Source)
	at controllers.jpro.<init>(jpro.scala:51)
	at controllers.jpro$$FastClassByGuice$$3baba93a.newInstance(<generated>)
	at com.google.inject.internal.DefaultConstructionProxyFactory$FastClassProxy.newInstance(DefaultConstructionProxyFactory.java:89)
	at com.google.inject.internal.ConstructorInjector.provision(ConstructorInjector.java:114)
	at com.google.inject.internal.ConstructorInjector.construct(ConstructorInjector.java:91)
	at com.google.inject.internal.ConstructorBindingImpl$Factory.get(ConstructorBindingImpl.java:306)
	at com.google.inject.internal.SingleParameterInjector.inject(SingleParameterInjector.java:42)
	at com.google.inject.internal.SingleParameterInjector.getAll(SingleParameterInjector.java:65)
	at com.google.inject.internal.ConstructorInjector.provision(ConstructorInjector.java:113)
	at com.google.inject.internal.ConstructorInjector.construct(ConstructorInjector.java:91)
	at com.google.inject.internal.ConstructorBindingImpl$Factory.get(ConstructorBindingImpl.java:306)
	at com.google.inject.internal.SingleParameterInjector.inject(SingleParameterInjector.java:42)
	at com.google.inject.internal.SingleParameterInjector.getAll(SingleParameterInjector.java:65)
	at com.google.inject.internal.ConstructorInjector.provision(ConstructorInjector.java:113)
	at com.google.inject.internal.ConstructorInjector.construct(ConstructorInjector.java:91)
	at com.google.inject.internal.ConstructorBindingImpl$Factory.get(ConstructorBindingImpl.java:306)
	at com.google.inject.internal.InjectorImpl$1.get(InjectorImpl.java:1094)
	at com.google.inject.internal.InjectorImpl.getInstance(InjectorImpl.java:1131)
	at play.api.inject.guice.GuiceInjector.instanceOf(GuiceInjectorBuilder.scala:436)
	at play.api.inject.ContextClassLoaderInjector.$anonfun$instanceOf$3(Injector.scala:120)
	at play.api.inject.ContextClassLoaderInjector.withContext(Injector.scala:128)
	at play.api.inject.ContextClassLoaderInjector.instanceOf(Injector.scala:120)
	at play.api.inject.RoutesProvider.$anonfun$get$2(BuiltinModule.scala:119)
	at scala.Option.fold(Option.scala:251)
	at play.api.inject.RoutesProvider.get$lzycompute(BuiltinModule.scala:119)
	at play.api.inject.RoutesProvider.get(BuiltinModule.scala:114)
	at play.api.inject.RoutesProvider.get(BuiltinModule.scala:108)
	at com.google.inject.internal.ProviderInternalFactory.provision(ProviderInternalFactory.java:85)
	at com.google.inject.internal.BoundProviderFactory.provision(BoundProviderFactory.java:77)
	at com.google.inject.internal.ProviderInternalFactory.circularGet(ProviderInternalFactory.java:59)
	at com.google.inject.internal.BoundProviderFactory.get(BoundProviderFactory.java:61)
	at com.google.inject.internal.InjectorImpl$1.get(InjectorImpl.java:1094)
	... 30 common frames omitted
2020-10-27 11:55:28,688 [ERROR] from play.api.http.DefaultHttpErrorHandler in application-akka.actor.default-dispatcher-26 - 

! @7hhi10k80 - Internal server error, for (GET) [/HNAP1/] ->
 
play.api.UnexpectedException: Unexpected exception[ProvisionException: Unable to provision, see the following errors:

1) Error injecting constructor, java.lang.UnsupportedClassVersionError: com/jpro/internal/server/LogOutputStream has been compiled by a more recent version of the Java Runtime (class file version 53.0), this version of the Java Runtime only recognizes class file versions up to 52.0
  at controllers.jpro.<init>(jpro.scala:42)
  while locating controllers.jpro
    for the 2nd parameter of jpro.Routes.<init>(Routes.scala:29)
  while locating jpro.Routes
    for the 3rd parameter of router.Routes.<init>(Routes.scala:29)
  while locating router.Routes
  while locating play.api.inject.RoutesProvider
  while locating play.api.routing.Router

1 error]
	at play.api.http.HttpErrorHandlerExceptions$.throwableToUsefulException(HttpErrorHandler.scala:355)
	at play.api.http.DefaultHttpErrorHandler.onServerError(HttpErrorHandler.scala:261)
	at play.core.server.Server$$anonfun$handleErrors$1$1.applyOrElse(Server.scala:109)
	at play.core.server.Server$$anonfun$handleErrors$1$1.applyOrElse(Server.scala:105)
	at scala.runtime.AbstractPartialFunction.apply(AbstractPartialFunction.scala:38)
	at play.core.server.Server$.getHandlerFor(Server.scala:129)
	at play.core.server.AkkaHttpServer.handleRequest(AkkaHttpServer.scala:316)
	at play.core.server.AkkaHttpServer.$anonfun$createServerBinding$1(AkkaHttpServer.scala:191)
	at akka.http.scaladsl.Http2Ext.$anonfun$handleUpgradeRequests$1(Http2.scala:145)
	at akka.stream.impl.fusing.MapAsync$$anon$30.onPush(Ops.scala:1285)
	at akka.stream.impl.fusing.GraphInterpreter.processPush(GraphInterpreter.scala:541)
	at akka.stream.impl.fusing.GraphInterpreter.execute(GraphInterpreter.scala:423)
	at akka.stream.impl.fusing.GraphInterpreterShell.runBatch(ActorGraphInterpreter.scala:625)
	at akka.stream.impl.fusing.ActorGraphInterpreter$SimpleBoundaryEvent.execute(ActorGraphInterpreter.scala:56)
	at akka.stream.impl.fusing.ActorGraphInterpreter$SimpleBoundaryEvent.execute$(ActorGraphInterpreter.scala:52)
	at akka.stream.impl.fusing.ActorGraphInterpreter$BatchingActorInputBoundary$OnNext.execute(ActorGraphInterpreter.scala:95)
	at akka.stream.impl.fusing.GraphInterpreterShell.processEvent(ActorGraphInterpreter.scala:600)
	at akka.stream.impl.fusing.ActorGraphInterpreter.akka$stream$impl$fusing$ActorGraphInterpreter$$processEvent(ActorGraphInterpreter.scala:769)
	at akka.stream.impl.fusing.ActorGraphInterpreter$$anonfun$receive$1.applyOrElse(ActorGraphInterpreter.scala:784)
	at akka.actor.Actor.aroundReceive(Actor.scala:535)
	at akka.actor.Actor.aroundReceive$(Actor.scala:533)
	at akka.stream.impl.fusing.ActorGraphInterpreter.aroundReceive(ActorGraphInterpreter.scala:691)
	at akka.actor.ActorCell.receiveMessage(ActorCell.scala:575)
	at akka.actor.ActorCell.invoke(ActorCell.scala:545)
	at akka.dispatch.Mailbox.processMailbox(Mailbox.scala:270)
	at akka.dispatch.Mailbox.run(Mailbox.scala:231)
	at akka.dispatch.Mailbox.exec(Mailbox.scala:243)
	at java.util.concurrent.ForkJoinTask.doExec(Unknown Source)
	at java.util.concurrent.ForkJoinPool$WorkQueue.runTask(Unknown Source)
	at java.util.concurrent.ForkJoinPool.runWorker(Unknown Source)
	at java.util.concurrent.ForkJoinWorkerThread.run(Unknown Source)
Caused by: com.google.inject.ProvisionException: Unable to provision, see the following errors:

1) Error injecting constructor, java.lang.UnsupportedClassVersionError: com/jpro/internal/server/LogOutputStream has been compiled by a more recent version of the Java Runtime (class file version 53.0), this version of the Java Runtime only recognizes class file versions up to 52.0
  at controllers.jpro.<init>(jpro.scala:42)
  while locating controllers.jpro
    for the 2nd parameter of jpro.Routes.<init>(Routes.scala:29)
  while locating jpro.Routes
    for the 3rd parameter of router.Routes.<init>(Routes.scala:29)
  while locating router.Routes
  while locating play.api.inject.RoutesProvider
  while locating play.api.routing.Router

1 error
	at com.google.inject.internal.InternalProvisionException.toProvisionException(InternalProvisionException.java:226)
	at com.google.inject.internal.InjectorImpl$1.get(InjectorImpl.java:1097)
	at play.api.http.DefaultHttpRequestHandler.routeRequest(HttpRequestHandler.scala:289)
	at play.api.http.JavaCompatibleHttpRequestHandler.routeRequest(HttpRequestHandler.scala:396)
	at play.api.http.DefaultHttpRequestHandler.routeWithFallback$1(HttpRequestHandler.scala:187)
	at play.api.http.DefaultHttpRequestHandler.handlerForRequest(HttpRequestHandler.scala:237)
	at play.core.server.Server$.getHandlerFor(Server.scala:126)
	... 25 common frames omitted
Caused by: java.lang.UnsupportedClassVersionError: com/jpro/internal/server/LogOutputStream has been compiled by a more recent version of the Java Runtime (class file version 53.0), this version of the Java Runtime only recognizes class file versions up to 52.0
	at java.lang.ClassLoader.defineClass1(Native Method)
	at java.lang.ClassLoader.defineClass(Unknown Source)
	at java.security.SecureClassLoader.defineClass(Unknown Source)
	at java.net.URLClassLoader.defineClass(Unknown Source)
	at java.net.URLClassLoader.access$100(Unknown Source)
	at java.net.URLClassLoader$1.run(Unknown Source)
	at java.net.URLClassLoader$1.run(Unknown Source)
	at java.security.AccessController.doPrivileged(Native Method)
	at java.net.URLClassLoader.findClass(Unknown Source)
	at java.lang.ClassLoader.loadClass(Unknown Source)
	at java.lang.ClassLoader.loadClass(Unknown Source)
	at java.lang.ClassLoader.defineClass1(Native Method)
	at java.lang.ClassLoader.defineClass(Unknown Source)
	at java.security.SecureClassLoader.defineClass(Unknown Source)
	at java.net.URLClassLoader.defineClass(Unknown Source)
	at java.net.URLClassLoader.access$100(Unknown Source)
	at java.net.URLClassLoader$1.run(Unknown Source)
	at java.net.URLClassLoader$1.run(Unknown Source)
	at java.security.AccessController.doPrivileged(Native Method)
	at java.net.URLClassLoader.findClass(Unknown Source)
	at java.lang.ClassLoader.loadClass(Unknown Source)
	at java.lang.ClassLoader.loadClass(Unknown Source)
	at controllers.jpro.<init>(jpro.scala:51)
	at controllers.jpro$$FastClassByGuice$$3baba93a.newInstance(<generated>)
	at com.google.inject.internal.DefaultConstructionProxyFactory$FastClassProxy.newInstance(DefaultConstructionProxyFactory.java:89)
	at com.google.inject.internal.ConstructorInjector.provision(ConstructorInjector.java:114)
	at com.google.inject.internal.ConstructorInjector.construct(ConstructorInjector.java:91)
	at com.google.inject.internal.ConstructorBindingImpl$Factory.get(ConstructorBindingImpl.java:306)
	at com.google.inject.internal.SingleParameterInjector.inject(SingleParameterInjector.java:42)
	at com.google.inject.internal.SingleParameterInjector.getAll(SingleParameterInjector.java:65)
	at com.google.inject.internal.ConstructorInjector.provision(ConstructorInjector.java:113)
	at com.google.inject.internal.ConstructorInjector.construct(ConstructorInjector.java:91)
	at com.google.inject.internal.ConstructorBindingImpl$Factory.get(ConstructorBindingImpl.java:306)
	at com.google.inject.internal.SingleParameterInjector.inject(SingleParameterInjector.java:42)
	at com.google.inject.internal.SingleParameterInjector.getAll(SingleParameterInjector.java:65)
	at com.google.inject.internal.ConstructorInjector.provision(ConstructorInjector.java:113)
	at com.google.inject.internal.ConstructorInjector.construct(ConstructorInjector.java:91)
	at com.google.inject.internal.ConstructorBindingImpl$Factory.get(ConstructorBindingImpl.java:306)
	at com.google.inject.internal.InjectorImpl$1.get(InjectorImpl.java:1094)
	at com.google.inject.internal.InjectorImpl.getInstance(InjectorImpl.java:1131)
	at play.api.inject.guice.GuiceInjector.instanceOf(GuiceInjectorBuilder.scala:436)
	at play.api.inject.ContextClassLoaderInjector.$anonfun$instanceOf$3(Injector.scala:120)
	at play.api.inject.ContextClassLoaderInjector.withContext(Injector.scala:128)
	at play.api.inject.ContextClassLoaderInjector.instanceOf(Injector.scala:120)
	at play.api.inject.RoutesProvider.$anonfun$get$2(BuiltinModule.scala:119)
	at scala.Option.fold(Option.scala:251)
	at play.api.inject.RoutesProvider.get$lzycompute(BuiltinModule.scala:119)
	at play.api.inject.RoutesProvider.get(BuiltinModule.scala:114)
	at play.api.inject.RoutesProvider.get(BuiltinModule.scala:108)
	at com.google.inject.internal.ProviderInternalFactory.provision(ProviderInternalFactory.java:85)
	at com.google.inject.internal.BoundProviderFactory.provision(BoundProviderFactory.java:77)
	at com.google.inject.internal.ProviderInternalFactory.circularGet(ProviderInternalFactory.java:59)
	at com.google.inject.internal.BoundProviderFactory.get(BoundProviderFactory.java:61)
	at com.google.inject.internal.InjectorImpl$1.get(InjectorImpl.java:1094)
	... 30 common frames omitted
2020-10-28 11:43:15,200 [ERROR] from play.api.http.DefaultHttpErrorHandler in application-akka.actor.default-dispatcher-35 - 

! @7hhp6clml - Internal server error, for (GET) [/] ->
 
play.api.UnexpectedException: Unexpected exception[ProvisionException: Unable to provision, see the following errors:

1) Error injecting constructor, java.lang.UnsupportedClassVersionError: com/jpro/internal/server/LogOutputStream has been compiled by a more recent version of the Java Runtime (class file version 53.0), this version of the Java Runtime only recognizes class file versions up to 52.0
  at controllers.jpro.<init>(jpro.scala:42)
  while locating controllers.jpro
    for the 2nd parameter of jpro.Routes.<init>(Routes.scala:29)
  while locating jpro.Routes
    for the 3rd parameter of router.Routes.<init>(Routes.scala:29)
  while locating router.Routes
  while locating play.api.inject.RoutesProvider
  while locating play.api.routing.Router

1 error]
	at play.api.http.HttpErrorHandlerExceptions$.throwableToUsefulException(HttpErrorHandler.scala:355)
	at play.api.http.DefaultHttpErrorHandler.onServerError(HttpErrorHandler.scala:261)
	at play.core.server.Server$$anonfun$handleErrors$1$1.applyOrElse(Server.scala:109)
	at play.core.server.Server$$anonfun$handleErrors$1$1.applyOrElse(Server.scala:105)
	at scala.runtime.AbstractPartialFunction.apply(AbstractPartialFunction.scala:38)
	at play.core.server.Server$.getHandlerFor(Server.scala:129)
	at play.core.server.AkkaHttpServer.handleRequest(AkkaHttpServer.scala:316)
	at play.core.server.AkkaHttpServer.$anonfun$createServerBinding$1(AkkaHttpServer.scala:191)
	at akka.http.scaladsl.Http2Ext.$anonfun$handleUpgradeRequests$1(Http2.scala:145)
	at akka.stream.impl.fusing.MapAsync$$anon$30.onPush(Ops.scala:1285)
	at akka.stream.impl.fusing.GraphInterpreter.processPush(GraphInterpreter.scala:541)
	at akka.stream.impl.fusing.GraphInterpreter.execute(GraphInterpreter.scala:423)
	at akka.stream.impl.fusing.GraphInterpreterShell.runBatch(ActorGraphInterpreter.scala:625)
	at akka.stream.impl.fusing.ActorGraphInterpreter$SimpleBoundaryEvent.execute(ActorGraphInterpreter.scala:56)
	at akka.stream.impl.fusing.ActorGraphInterpreter$SimpleBoundaryEvent.execute$(ActorGraphInterpreter.scala:52)
	at akka.stream.impl.fusing.ActorGraphInterpreter$BatchingActorInputBoundary$OnNext.execute(ActorGraphInterpreter.scala:95)
	at akka.stream.impl.fusing.GraphInterpreterShell.processEvent(ActorGraphInterpreter.scala:600)
	at akka.stream.impl.fusing.ActorGraphInterpreter.akka$stream$impl$fusing$ActorGraphInterpreter$$processEvent(ActorGraphInterpreter.scala:769)
	at akka.stream.impl.fusing.ActorGraphInterpreter$$anonfun$receive$1.applyOrElse(ActorGraphInterpreter.scala:784)
	at akka.actor.Actor.aroundReceive(Actor.scala:535)
	at akka.actor.Actor.aroundReceive$(Actor.scala:533)
	at akka.stream.impl.fusing.ActorGraphInterpreter.aroundReceive(ActorGraphInterpreter.scala:691)
	at akka.actor.ActorCell.receiveMessage(ActorCell.scala:575)
	at akka.actor.ActorCell.invoke(ActorCell.scala:545)
	at akka.dispatch.Mailbox.processMailbox(Mailbox.scala:270)
	at akka.dispatch.Mailbox.run(Mailbox.scala:231)
	at akka.dispatch.Mailbox.exec(Mailbox.scala:243)
	at java.util.concurrent.ForkJoinTask.doExec(Unknown Source)
	at java.util.concurrent.ForkJoinPool$WorkQueue.runTask(Unknown Source)
	at java.util.concurrent.ForkJoinPool.runWorker(Unknown Source)
	at java.util.concurrent.ForkJoinWorkerThread.run(Unknown Source)
Caused by: com.google.inject.ProvisionException: Unable to provision, see the following errors:

1) Error injecting constructor, java.lang.UnsupportedClassVersionError: com/jpro/internal/server/LogOutputStream has been compiled by a more recent version of the Java Runtime (class file version 53.0), this version of the Java Runtime only recognizes class file versions up to 52.0
  at controllers.jpro.<init>(jpro.scala:42)
  while locating controllers.jpro
    for the 2nd parameter of jpro.Routes.<init>(Routes.scala:29)
  while locating jpro.Routes
    for the 3rd parameter of router.Routes.<init>(Routes.scala:29)
  while locating router.Routes
  while locating play.api.inject.RoutesProvider
  while locating play.api.routing.Router

1 error
	at com.google.inject.internal.InternalProvisionException.toProvisionException(InternalProvisionException.java:226)
	at com.google.inject.internal.InjectorImpl$1.get(InjectorImpl.java:1097)
	at play.api.http.DefaultHttpRequestHandler.routeRequest(HttpRequestHandler.scala:289)
	at play.api.http.JavaCompatibleHttpRequestHandler.routeRequest(HttpRequestHandler.scala:396)
	at play.api.http.DefaultHttpRequestHandler.routeWithFallback$1(HttpRequestHandler.scala:187)
	at play.api.http.DefaultHttpRequestHandler.handlerForRequest(HttpRequestHandler.scala:237)
	at play.core.server.Server$.getHandlerFor(Server.scala:126)
	... 25 common frames omitted
Caused by: java.lang.UnsupportedClassVersionError: com/jpro/internal/server/LogOutputStream has been compiled by a more recent version of the Java Runtime (class file version 53.0), this version of the Java Runtime only recognizes class file versions up to 52.0
	at java.lang.ClassLoader.defineClass1(Native Method)
	at java.lang.ClassLoader.defineClass(Unknown Source)
	at java.security.SecureClassLoader.defineClass(Unknown Source)
	at java.net.URLClassLoader.defineClass(Unknown Source)
	at java.net.URLClassLoader.access$100(Unknown Source)
	at java.net.URLClassLoader$1.run(Unknown Source)
	at java.net.URLClassLoader$1.run(Unknown Source)
	at java.security.AccessController.doPrivileged(Native Method)
	at java.net.URLClassLoader.findClass(Unknown Source)
	at java.lang.ClassLoader.loadClass(Unknown Source)
	at java.lang.ClassLoader.loadClass(Unknown Source)
	at java.lang.ClassLoader.defineClass1(Native Method)
	at java.lang.ClassLoader.defineClass(Unknown Source)
	at java.security.SecureClassLoader.defineClass(Unknown Source)
	at java.net.URLClassLoader.defineClass(Unknown Source)
	at java.net.URLClassLoader.access$100(Unknown Source)
	at java.net.URLClassLoader$1.run(Unknown Source)
	at java.net.URLClassLoader$1.run(Unknown Source)
	at java.security.AccessController.doPrivileged(Native Method)
	at java.net.URLClassLoader.findClass(Unknown Source)
	at java.lang.ClassLoader.loadClass(Unknown Source)
	at java.lang.ClassLoader.loadClass(Unknown Source)
	at controllers.jpro.<init>(jpro.scala:51)
	at controllers.jpro$$FastClassByGuice$$3baba93a.newInstance(<generated>)
	at com.google.inject.internal.DefaultConstructionProxyFactory$FastClassProxy.newInstance(DefaultConstructionProxyFactory.java:89)
	at com.google.inject.internal.ConstructorInjector.provision(ConstructorInjector.java:114)
	at com.google.inject.internal.ConstructorInjector.construct(ConstructorInjector.java:91)
	at com.google.inject.internal.ConstructorBindingImpl$Factory.get(ConstructorBindingImpl.java:306)
	at com.google.inject.internal.SingleParameterInjector.inject(SingleParameterInjector.java:42)
	at com.google.inject.internal.SingleParameterInjector.getAll(SingleParameterInjector.java:65)
	at com.google.inject.internal.ConstructorInjector.provision(ConstructorInjector.java:113)
	at com.google.inject.internal.ConstructorInjector.construct(ConstructorInjector.java:91)
	at com.google.inject.internal.ConstructorBindingImpl$Factory.get(ConstructorBindingImpl.java:306)
	at com.google.inject.internal.SingleParameterInjector.inject(SingleParameterInjector.java:42)
	at com.google.inject.internal.SingleParameterInjector.getAll(SingleParameterInjector.java:65)
	at com.google.inject.internal.ConstructorInjector.provision(ConstructorInjector.java:113)
	at com.google.inject.internal.ConstructorInjector.construct(ConstructorInjector.java:91)
	at com.google.inject.internal.ConstructorBindingImpl$Factory.get(ConstructorBindingImpl.java:306)
	at com.google.inject.internal.InjectorImpl$1.get(InjectorImpl.java:1094)
	at com.google.inject.internal.InjectorImpl.getInstance(InjectorImpl.java:1131)
	at play.api.inject.guice.GuiceInjector.instanceOf(GuiceInjectorBuilder.scala:436)
	at play.api.inject.ContextClassLoaderInjector.$anonfun$instanceOf$3(Injector.scala:120)
	at play.api.inject.ContextClassLoaderInjector.withContext(Injector.scala:128)
	at play.api.inject.ContextClassLoaderInjector.instanceOf(Injector.scala:120)
	at play.api.inject.RoutesProvider.$anonfun$get$2(BuiltinModule.scala:119)
	at scala.Option.fold(Option.scala:251)
	at play.api.inject.RoutesProvider.get$lzycompute(BuiltinModule.scala:119)
	at play.api.inject.RoutesProvider.get(BuiltinModule.scala:114)
	at play.api.inject.RoutesProvider.get(BuiltinModule.scala:108)
	at com.google.inject.internal.ProviderInternalFactory.provision(ProviderInternalFactory.java:85)
	at com.google.inject.internal.BoundProviderFactory.provision(BoundProviderFactory.java:77)
	at com.google.inject.internal.ProviderInternalFactory.circularGet(ProviderInternalFactory.java:59)
	at com.google.inject.internal.BoundProviderFactory.get(BoundProviderFactory.java:61)
	at com.google.inject.internal.InjectorImpl$1.get(InjectorImpl.java:1094)
	... 30 common frames omitted
