2020-10-29 16:08:40,049 [INFO] in scala-execution-context-global-39 - [info] c.j.i.s.Initializer$ - finished init!
2020-10-29 16:08:40,088 [INFO] in scala-execution-context-global-39 - [info] c.j.i.s.Initializer$ - JavaFX version: 15.0.0.2-jpro+0-2020-09-30-150835
2020-10-29 16:08:40,386 [INFO] in scala-execution-context-global-39 - [info] c.j.i.c.m.ChartJSONImExporter - Imported chart data Thu Oct 29 16:08:39 CET 2020
2020-10-29 16:08:40,392 [INFO] in scala-execution-context-global-39 - [info] c.j.i.c.m.DynamicDataModel - Started Monitoring chart data...
2020-10-29 16:08:42,613 [INFO] in scala-execution-context-global-39 - [info] c.jpro - application requested: 0!SightReadMaster
2020-10-29 16:08:42,633 [INFO] in scala-execution-context-global-39 - [info] c.jpro - Creating Application: 0!SightReadMaster
2020-10-29 16:08:42,638 [INFO] in scala-execution-context-global-39 - [info] c.jpro - remoteAddress 0:0:0:0:0:0:0:1
2020-10-29 16:08:42,644 [INFO] in scala-execution-context-global-39 - [info] c.jpro - host          localhost:8080
2020-10-29 16:08:42,647 [INFO] in scala-execution-context-global-39 - [info] c.jpro - uri           /app/0!SightReadMaster
2020-10-29 16:08:43,128 [INFO] in scala-execution-context-global-39 - [info] c.j.i.s.ViewSerializerActor - appdef: AppByMain(sightreadmaster,com.jpro.hellojpro.MainFXML,None,NamedClassLoader(system),false) clientinfo: ClientInfo(http://localhost:8080/,http://localhost:8080/app/SightReadMaster,1280.0,619.0,false,en,List(en, de-DE, en-US, pt-BR, pt, de),csrftoken=jSjBdeldEZPKCA5a1Qa5gh5F83P04DThhYdKz0N2z24yMkbeQKyFsWtot8E3Yw9y,Map(csrftoken -> jSjBdeldEZPKCA5a1Qa5gh5F83P04DThhYdKz0N2z24yMkbeQKyFsWtot8E3Yw9y, Idea-89ab94d4 -> 8868befc-9fd4-4441-af7d-31d29810825f),Map(Host -> List(localhost:8080), Cookie -> List(Idea-89ab94d4=8868befc-9fd4-4441-af7d-31d29810825f; csrftoken=jSjBdeldEZPKCA5a1Qa5gh5F83P04DThhYdKz0N2z24yMkbeQKyFsWtot8E3Yw9y), Origin -> List(http://localhost:8080), Pragma -> List(no-cache), Upgrade -> List(websocket), Connection -> List(Upgrade), User-Agent -> List(Mozilla/5.0 (Windows NT 10.0; Win64; x64) AppleWebKit/537.36 (KHTML, like Gecko) Chrome/86.0.4240.111 Safari/537.36), Cache-Control -> List(no-cache), Remote-Address -> List(0:0:0:0:0:0:0:1:60089), Timeout-Access -> List(<function1>), Accept-Encoding -> List(gzip, deflate, br), Accept-Language -> List(en,de-DE;q=0.9,de;q=0.8,en-US;q=0.7,pt-BR;q=0.6,pt;q=0.5), Raw-Request-URI -> List(/app/0!SightReadMaster), Tls-Session-Info -> List(Session(1603984118681|SSL_NULL_WITH_NULL_NULL)), Sec-WebSocket-Key -> List(Y2PqaspqCF9EX+BhvsaXAg==), UpgradeToWebSocket -> List(), Sec-WebSocket-Version -> List(13), Sec-WebSocket-Extensions -> List(permessage-deflate; client_max_window_bits)))out: Actor[akka://application/system/Materializers/StreamSupervisor-0/$$g-actorRefSource#351577757]
2020-10-29 16:08:44,430 [INFO] in scala-execution-context-global-39 - [warn] javafx.css - CSS Error parsing '*{-fx-text-fill: #22222;}: Invalid color specification while parsing '-fx-text-fill' at [1,17]
2020-10-29 16:08:45,325 [INFO] in scala-execution-context-global-39 - [info] com.jpro.JS - received msg: new MainID: 824 userid: 958825931
2020-10-29 16:08:52,722 [INFO] in scala-execution-context-global-39 - [info] c.j.m.s.Util$ - Sharp
2020-10-29 16:08:52,769 [INFO] in scala-execution-context-global-39 - [error] com.jpro.JS - received msg: Unexpected exception at updateFun at TextInputControlInfo(TextInput(Sharp,(0,0),132,(0,1)),text,false,Some(id: 4223)): scala.scalajs.js.JavaScriptException: ReferenceError: Cg is not defined
2020-10-29 16:08:53,955 [INFO] in scala-execution-context-global-55 - [info] c.j.m.s.Util$ - Db
2020-10-29 16:08:53,982 [INFO] in scala-execution-context-global-55 - [error] com.jpro.JS - received msg: Unexpected exception at updateFun at TextInputControlInfo(TextInput(Db,(0,0),145,(0,2)),text,false,Some(id: 4594)): scala.scalajs.js.JavaScriptException: ReferenceError: Cg is not defined
2020-10-29 16:08:54,994 [INFO] in scala-execution-context-global-55 - [info] c.j.m.s.Util$ - b6
2020-10-29 16:08:55,021 [INFO] in scala-execution-context-global-55 - [error] com.jpro.JS - received msg: Unexpected exception at updateFun at TextInputControlInfo(TextInput(b6,(0,0),176,(0,3)),text,false,Some(id: 5511)): scala.scalajs.js.JavaScriptException: ReferenceError: Cg is not defined
2020-10-29 16:08:55,229 [INFO] in scala-execution-context-global-39 - [error] com.jpro.JS - received msg: Unexpected exception at updateFun at TextInputControlInfo(TextInput(6,(0,0),176,(0,4)),text,false,Some(id: 5511)): scala.scalajs.js.JavaScriptException: ReferenceError: Cg is not defined
2020-10-29 16:08:55,261 [INFO] in scala-execution-context-global-39 - [error] com.jpro.JS - received msg: Unexpected exception at updateFun at TextInputControlInfo(TextInput(6,(0,0),176,(0,4)),text,false,Some(id: 5511)): scala.scalajs.js.JavaScriptException: ReferenceError: Cg is not defined
2020-10-29 16:08:55,421 [INFO] in scala-execution-context-global-39 - [error] com.jpro.JS - received msg: Unexpected exception at updateFun at TextInputControlInfo(TextInput(b7,(0,0),176,(0,5)),text,false,Some(id: 5511)): scala.scalajs.js.JavaScriptException: ReferenceError: Cg is not defined
2020-10-29 16:08:55,437 [INFO] in scala-execution-context-global-55 - [error] com.jpro.JS - received msg: Unexpected exception at updateFun at TextInputControlInfo(TextInput(b7,(0,0),176,(0,5)),text,false,Some(id: 5511)): scala.scalajs.js.JavaScriptException: ReferenceError: Cg is not defined
2020-10-29 16:08:56,128 [INFO] in scala-execution-context-global-55 - [info] c.j.m.s.Util$ - 81
2020-10-29 16:08:56,157 [INFO] in scala-execution-context-global-55 - [error] com.jpro.JS - received msg: Unexpected exception at updateFun at TextInputControlInfo(TextInput(81,(0,0),116,(0,6)),text,false,Some(id: 3795)): scala.scalajs.js.JavaScriptException: ReferenceError: Cg is not defined
2020-10-29 16:08:56,335 [INFO] in scala-execution-context-global-55 - [error] com.jpro.JS - received msg: Unexpected exception at updateFun at TextInputControlInfo(TextInput(82,(0,0),116,(0,7)),text,false,Some(id: 3795)): scala.scalajs.js.JavaScriptException: ReferenceError: Cg is not defined
2020-10-29 16:08:56,367 [INFO] in scala-execution-context-global-55 - [error] com.jpro.JS - received msg: Unexpected exception at updateFun at TextInputControlInfo(TextInput(82,(0,0),116,(0,7)),text,false,Some(id: 3795)): scala.scalajs.js.JavaScriptException: ReferenceError: Cg is not defined
2020-10-29 16:08:56,543 [INFO] in scala-execution-context-global-55 - [error] com.jpro.JS - received msg: Unexpected exception at updateFun at TextInputControlInfo(TextInput(83,(0,0),116,(0,8)),text,false,Some(id: 3795)): scala.scalajs.js.JavaScriptException: ReferenceError: Cg is not defined
2020-10-29 16:08:56,558 [INFO] in scala-execution-context-global-55 - [error] com.jpro.JS - received msg: Unexpected exception at updateFun at TextInputControlInfo(TextInput(83,(0,0),116,(0,8)),text,false,Some(id: 3795)): scala.scalajs.js.JavaScriptException: ReferenceError: Cg is not defined
2020-10-29 16:08:56,847 [INFO] in scala-execution-context-global-55 - [error] com.jpro.JS - received msg: Unexpected exception at updateFun at TextInputControlInfo(TextInput(84,(0,0),116,(0,9)),text,false,Some(id: 3795)): scala.scalajs.js.JavaScriptException: ReferenceError: Cg is not defined
2020-10-29 16:08:56,862 [INFO] in scala-execution-context-global-55 - [error] com.jpro.JS - received msg: Unexpected exception at updateFun at TextInputControlInfo(TextInput(84,(0,0),116,(0,9)),text,false,Some(id: 3795)): scala.scalajs.js.JavaScriptException: ReferenceError: Cg is not defined
2020-10-29 16:08:57,246 [INFO] in scala-execution-context-global-55 - [error] com.jpro.JS - received msg: Unexpected exception at updateFun at TextInputControlInfo(TextInput(83,(0,0),116,(0,10)),text,false,Some(id: 3795)): scala.scalajs.js.JavaScriptException: ReferenceError: Cg is not defined
2020-10-29 16:08:57,262 [INFO] in scala-execution-context-global-55 - [error] com.jpro.JS - received msg: Unexpected exception at updateFun at TextInputControlInfo(TextInput(83,(0,0),116,(0,10)),text,false,Some(id: 3795)): scala.scalajs.js.JavaScriptException: ReferenceError: Cg is not defined
2020-10-29 16:08:58,021 [INFO] in scala-execution-context-global-55 - [info] c.j.m.s.Util$ - B5
2020-10-29 16:08:58,046 [INFO] in scala-execution-context-global-55 - [error] com.jpro.JS - received msg: Unexpected exception at updateFun at TextInputControlInfo(TextInput(B5,(0,0),200,(0,11)),text,false,Some(id: 6197)): scala.scalajs.js.JavaScriptException: ReferenceError: Cg is not defined
2020-10-29 16:08:58,207 [INFO] in scala-execution-context-global-39 - [error] com.jpro.JS - received msg: Unexpected exception at updateFun at TextInputControlInfo(TextInput(Bb5,(0,0),200,(0,12)),text,false,Some(id: 6197)): scala.scalajs.js.JavaScriptException: ReferenceError: Cg is not defined
2020-10-29 16:08:58,222 [INFO] in scala-execution-context-global-55 - [error] com.jpro.JS - received msg: Unexpected exception at updateFun at TextInputControlInfo(TextInput(Bb5,(0,0),200,(0,12)),text,false,Some(id: 6197)): scala.scalajs.js.JavaScriptException: ReferenceError: Cg is not defined
2020-10-29 16:08:58,977 [INFO] in scala-execution-context-global-55 - [info] c.j.m.s.Util$ - Bass
2020-10-29 16:08:58,991 [INFO] in scala-execution-context-global-55 - [error] com.jpro.JS - received msg: Unexpected exception at updateFun at TextInputControlInfo(TextInput(Bass,(0,0),162,(0,13)),text,false,Some(id: 5095)): scala.scalajs.js.JavaScriptException: ReferenceError: Cg is not defined
2020-10-29 16:09:02,956 [INFO] in scala-execution-context-global-55 - [error] c.j.m.t.SceneInputListener - Error while processing the input: MouseEventToken(MouseReleased,228.3333282470703,432.0833740234375,MouseButtonToken(3),false,false,false,false,false,false,false,false) app: stage title: Sight Read Master
2020-10-29 16:09:02,957 [INFO] in scala-execution-context-global-55 - java.lang.reflect.InvocationTargetException: null
2020-10-29 16:09:02,957 [INFO] in scala-execution-context-global-55 - 	at jdk.internal.reflect.GeneratedMethodAccessor28.invoke(Unknown Source)
2020-10-29 16:09:02,957 [INFO] in scala-execution-context-global-55 - 	at java.base/jdk.internal.reflect.DelegatingMethodAccessorImpl.invoke(DelegatingMethodAccessorImpl.java:43)
2020-10-29 16:09:02,957 [INFO] in scala-execution-context-global-55 - 	at java.base/java.lang.reflect.Method.invoke(Method.java:564)
2020-10-29 16:09:02,957 [INFO] in scala-execution-context-global-55 - 	at simplefx.util.ReflectionUtil$UseReflection.applyDynamic(ReflectionUtil.scala:21)
2020-10-29 16:09:02,957 [INFO] in scala-execution-context-global-55 - 	at com.jpro.meta.tk.SceneInputListener.processInputInScene(SceneInputListener.scala:178)
2020-10-29 16:09:02,957 [INFO] in scala-execution-context-global-55 - 	at com.jpro.meta.tk.SceneInputListener.processInput(SceneInputListener.scala:120)
2020-10-29 16:09:02,957 [INFO] in scala-execution-context-global-55 - 	at com.jpro.meta.tk.SceneInputListener.processInputs(SceneInputListener.scala:101)
2020-10-29 16:09:02,957 [INFO] in scala-execution-context-global-55 - 	at com.jpro.meta.tk.SceneInputListener.$anonfun$new$4(SceneInputListener.scala:42)
2020-10-29 16:09:02,957 [INFO] in scala-execution-context-global-55 - 	at simplefx.cores.standard.parts.CoreTimeEvent.$anonfun$runAsAnimation$1(CoreTimeEvent.scala:64)
2020-10-29 16:09:02,957 [INFO] in scala-execution-context-global-55 - 	at simplefx.cores.standard.parts.CoreTimeEvent$$anon$2.handle(CoreTimeEvent.scala:46)
2020-10-29 16:09:02,957 [INFO] in scala-execution-context-global-55 - Caused by: java.lang.reflect.InvocationTargetException: null
2020-10-29 16:09:02,957 [INFO] in scala-execution-context-global-55 - 	at jdk.internal.reflect.GeneratedMethodAccessor26.invoke(Unknown Source)
2020-10-29 16:09:02,957 [INFO] in scala-execution-context-global-55 - 	at java.base/jdk.internal.reflect.DelegatingMethodAccessorImpl.invoke(DelegatingMethodAccessorImpl.java:43)
2020-10-29 16:09:02,958 [INFO] in scala-execution-context-global-55 - 	at java.base/java.lang.reflect.Method.invoke(Method.java:564)
2020-10-29 16:09:02,958 [INFO] in scala-execution-context-global-55 - 	at simplefx.util.ReflectionUtil$UseReflection.applyDynamic(ReflectionUtil.scala:21)
2020-10-29 16:09:02,958 [INFO] in scala-execution-context-global-55 - 	at com.sun.glass.ui.monocle.input.fork.NativeMouseInput.notifyMouse(NativeMouseInput.scala:330)
2020-10-29 16:09:02,958 [INFO] in scala-execution-context-global-55 - 	at com.sun.glass.ui.monocle.input.fork.NativeMouseInput.postMouseEvent(NativeMouseInput.scala:226)
2020-10-29 16:09:02,958 [INFO] in scala-execution-context-global-55 - 	at com.sun.glass.ui.monocle.input.fork.NativeMouseInput.setState(NativeMouseInput.scala:186)
2020-10-29 16:09:02,958 [INFO] in scala-execution-context-global-55 - 	at jdk.internal.reflect.GeneratedMethodAccessor28.invoke(Unknown Source)
2020-10-29 16:09:02,958 [INFO] in scala-execution-context-global-55 - 	at java.base/jdk.internal.reflect.DelegatingMethodAccessorImpl.invoke(DelegatingMethodAccessorImpl.java:43)
2020-10-29 16:09:02,958 [INFO] in scala-execution-context-global-55 - 	at java.base/java.lang.reflect.Method.invoke(Method.java:564)
2020-10-29 16:09:02,958 [INFO] in scala-execution-context-global-55 - Caused by: java.lang.RuntimeException: java.lang.reflect.InvocationTargetException
2020-10-29 16:09:02,958 [INFO] in scala-execution-context-global-55 - 	at javafx.fxml.FXMLLoader$MethodHandler.invoke(FXMLLoader.java:1862)
2020-10-29 16:09:02,958 [INFO] in scala-execution-context-global-55 - 	at javafx.fxml.FXMLLoader$ControllerMethodEventHandler.handle(FXMLLoader.java:1729)
2020-10-29 16:09:02,958 [INFO] in scala-execution-context-global-55 - 	at com.sun.javafx.event.CompositeEventHandler.dispatchBubblingEvent(CompositeEventHandler.java:86)
2020-10-29 16:09:02,959 [INFO] in scala-execution-context-global-55 - 	at com.sun.javafx.event.EventHandlerManager.dispatchBubblingEvent(EventHandlerManager.java:234)
2020-10-29 16:09:02,959 [INFO] in scala-execution-context-global-55 - 	at com.sun.javafx.event.EventHandlerManager.dispatchBubblingEvent(EventHandlerManager.java:191)
2020-10-29 16:09:02,959 [INFO] in scala-execution-context-global-55 - 	at com.sun.javafx.event.CompositeEventDispatcher.dispatchBubblingEvent(CompositeEventDispatcher.java:59)
2020-10-29 16:09:02,959 [INFO] in scala-execution-context-global-55 - 	at com.sun.javafx.event.BasicEventDispatcher.dispatchEvent(BasicEventDispatcher.java:58)
2020-10-29 16:09:02,959 [INFO] in scala-execution-context-global-55 - 	at com.sun.javafx.event.EventDispatchChainImpl.dispatchEvent(EventDispatchChainImpl.java:114)
2020-10-29 16:09:02,959 [INFO] in scala-execution-context-global-55 - 	at com.sun.javafx.event.BasicEventDispatcher.dispatchEvent(BasicEventDispatcher.java:56)
2020-10-29 16:09:02,959 [INFO] in scala-execution-context-global-55 - 	at com.sun.javafx.event.EventDispatchChainImpl.dispatchEvent(EventDispatchChainImpl.java:114)
2020-10-29 16:09:02,959 [INFO] in scala-execution-context-global-55 - Caused by: java.lang.reflect.InvocationTargetException: null
2020-10-29 16:09:02,959 [INFO] in scala-execution-context-global-55 - 	at java.base/jdk.internal.reflect.NativeMethodAccessorImpl.invoke0(Native Method)
2020-10-29 16:09:02,959 [INFO] in scala-execution-context-global-55 - 	at java.base/jdk.internal.reflect.NativeMethodAccessorImpl.invoke(NativeMethodAccessorImpl.java:62)
2020-10-29 16:09:02,959 [INFO] in scala-execution-context-global-55 - 	at java.base/jdk.internal.reflect.DelegatingMethodAccessorImpl.invoke(DelegatingMethodAccessorImpl.java:43)
2020-10-29 16:09:02,959 [INFO] in scala-execution-context-global-55 - 	at java.base/java.lang.reflect.Method.invoke(Method.java:564)
2020-10-29 16:09:02,959 [INFO] in scala-execution-context-global-55 - 	at com.sun.javafx.reflect.Trampoline.invoke(MethodUtil.java:76)
2020-10-29 16:09:02,959 [INFO] in scala-execution-context-global-55 - 	at java.base/jdk.internal.reflect.NativeMethodAccessorImpl.invoke0(Native Method)
2020-10-29 16:09:02,959 [INFO] in scala-execution-context-global-55 - 	at java.base/jdk.internal.reflect.NativeMethodAccessorImpl.invoke(NativeMethodAccessorImpl.java:62)
2020-10-29 16:09:02,959 [INFO] in scala-execution-context-global-55 - 	at java.base/jdk.internal.reflect.DelegatingMethodAccessorImpl.invoke(DelegatingMethodAccessorImpl.java:43)
2020-10-29 16:09:02,960 [INFO] in scala-execution-context-global-55 - 	at java.base/java.lang.reflect.Method.invoke(Method.java:564)
2020-10-29 16:09:02,960 [INFO] in scala-execution-context-global-55 - 	at com.sun.javafx.reflect.MethodUtil.invoke(MethodUtil.java:273)
2020-10-29 16:09:02,960 [INFO] in scala-execution-context-global-55 - Caused by: java.io.FileNotFoundException: \pics\flat.png (The system cannot find the path specified)
2020-10-29 16:09:02,960 [INFO] in scala-execution-context-global-55 - 	at java.base/java.io.FileInputStream.open0(Native Method)
2020-10-29 16:09:02,960 [INFO] in scala-execution-context-global-55 - 	at java.base/java.io.FileInputStream.open(FileInputStream.java:212)
2020-10-29 16:09:02,960 [INFO] in scala-execution-context-global-55 - 	at java.base/java.io.FileInputStream.<init>(FileInputStream.java:154)
2020-10-29 16:09:02,960 [INFO] in scala-execution-context-global-55 - 	at java.base/java.io.FileInputStream.<init>(FileInputStream.java:109)
2020-10-29 16:09:02,960 [INFO] in scala-execution-context-global-55 - 	at com.jpro.hellojpro.Signature.addSignature(Signature.java:77)
2020-10-29 16:09:02,960 [INFO] in scala-execution-context-global-55 - 	at com.jpro.hellojpro.main_windowController.play_button_pressed(main_windowController.java:119)
2020-10-29 16:09:02,960 [INFO] in scala-execution-context-global-55 - 	at java.base/jdk.internal.reflect.NativeMethodAccessorImpl.invoke0(Native Method)
2020-10-29 16:09:02,960 [INFO] in scala-execution-context-global-55 - 	at java.base/jdk.internal.reflect.NativeMethodAccessorImpl.invoke(NativeMethodAccessorImpl.java:62)
2020-10-29 16:09:02,960 [INFO] in scala-execution-context-global-55 - 	at java.base/jdk.internal.reflect.DelegatingMethodAccessorImpl.invoke(DelegatingMethodAccessorImpl.java:43)
2020-10-29 16:09:02,961 [INFO] in scala-execution-context-global-55 - 	at java.base/java.lang.reflect.Method.invoke(Method.java:564)
2020-10-29 16:09:14,247 [INFO] in scala-execution-context-global-55 - [warn] c.jpro - jpro.plainFile - Couldn't get resource for: 'jpro/html/jpro-js-opt.js.map'
2020-10-29 16:10:58,918 [INFO] in scala-execution-context-global-55 - [info] c.jpro - application requested: 1966094222!SightReadMaster
2020-10-29 16:10:58,919 [INFO] in scala-execution-context-global-55 - [info] c.jpro - Creating Application: 1966094222!SightReadMaster
2020-10-29 16:10:58,923 [INFO] in scala-execution-context-global-55 - [info] c.jpro - remoteAddress 0:0:0:0:0:0:0:1
2020-10-29 16:10:58,923 [INFO] in scala-execution-context-global-55 - [info] c.jpro - host          localhost:8080
2020-10-29 16:10:58,928 [INFO] in scala-execution-context-global-55 - [info] c.jpro - uri           /app/1966094222!SightReadMaster
2020-10-29 16:10:58,951 [INFO] in scala-execution-context-global-55 - [info] c.j.i.s.ViewSerializerActor - appdef: AppByID(1966094222,Some(AppByMain(sightreadmaster,com.jpro.hellojpro.MainFXML,None,NamedClassLoader(system),false))) clientinfo: ClientInfo(http://localhost:8080/#app,http://localhost:8080/app/SightReadMaster,675.0,619.0,false,en,List(en, de-DE, en-US, pt-BR, pt, de),csrftoken=jSjBdeldEZPKCA5a1Qa5gh5F83P04DThhYdKz0N2z24yMkbeQKyFsWtot8E3Yw9y,Map(csrftoken -> jSjBdeldEZPKCA5a1Qa5gh5F83P04DThhYdKz0N2z24yMkbeQKyFsWtot8E3Yw9y, Idea-89ab94d4 -> 8868befc-9fd4-4441-af7d-31d29810825f),Map(Host -> List(localhost:8080), Cookie -> List(Idea-89ab94d4=8868befc-9fd4-4441-af7d-31d29810825f; csrftoken=jSjBdeldEZPKCA5a1Qa5gh5F83P04DThhYdKz0N2z24yMkbeQKyFsWtot8E3Yw9y), Origin -> List(http://localhost:8080), Pragma -> List(no-cache), Upgrade -> List(websocket), Connection -> List(Upgrade), User-Agent -> List(Mozilla/5.0 (Windows NT 10.0; Win64; x64) AppleWebKit/537.36 (KHTML, like Gecko) Chrome/86.0.4240.111 Safari/537.36), Cache-Control -> List(no-cache), Remote-Address -> List(0:0:0:0:0:0:0:1:60188), Timeout-Access -> List(<function1>), Accept-Encoding -> List(gzip, deflate, br), Accept-Language -> List(en,de-DE;q=0.9,de;q=0.8,en-US;q=0.7,pt-BR;q=0.6,pt;q=0.5), Raw-Request-URI -> List(/app/1966094222!SightReadMaster), Tls-Session-Info -> List(Session(1603984118681|SSL_NULL_WITH_NULL_NULL)), Sec-WebSocket-Key -> List(gEO1HKNorIRODOyS4mFUSQ==), UpgradeToWebSocket -> List(), Sec-WebSocket-Version -> List(13), Sec-WebSocket-Extensions -> List(permessage-deflate; client_max_window_bits)))out: Actor[akka://application/system/Materializers/StreamSupervisor-0/$$o-actorRefSource#1417713488]
2020-10-29 16:10:59,359 [INFO] in scala-execution-context-global-55 - [warn] javafx.css - CSS Error parsing '*{-fx-text-fill: #22222;}: Invalid color specification while parsing '-fx-text-fill' at [1,17]
2020-10-29 16:10:59,728 [INFO] in scala-execution-context-global-55 - [info] com.jpro.JS - received msg: new MainID: 824 userid: 1216857605
2020-10-29 16:11:04,867 [INFO] in scala-execution-context-global-55 - [info] c.j.i.s.ViewInfo$ - 
2020-10-29 16:11:04,868 [INFO] in scala-execution-context-global-55 - [info] c.j.i.s.ViewInfo$ - Application closed:
2020-10-29 16:11:04,869 [INFO] in scala-execution-context-global-55 - [info] c.j.i.s.ViewInfo$ - startTime      : Thu Oct 29 16:11:04 CET 2020      
2020-10-29 16:11:04,870 [INFO] in scala-execution-context-global-55 - [info] c.j.i.s.ViewInfo$ - averageLatency : 00:00:00.005 
2020-10-29 16:11:04,870 [INFO] in scala-execution-context-global-54 - [info] c.j.i.s.ViewInfo$ - averageJitter  : 00:00:00.005  
2020-10-29 16:11:04,872 [INFO] in scala-execution-context-global-54 - [info] c.j.i.s.ViewInfo$ - framerateServer: 00:00:00.000
2020-10-29 16:11:04,879 [INFO] in scala-execution-context-global-54 - [info] c.j.i.s.ViewInfo$ - framerateClient: 00:00:00.000
2020-10-29 16:11:04,883 [INFO] in scala-execution-context-global-54 - [info] c.j.i.s.ViewInfo$ - raw            : 29948
2020-10-29 16:11:04,884 [INFO] in scala-execution-context-global-54 - [info] c.j.i.s.ViewInfo$ - zipped         : 4597
2020-10-29 16:11:04,885 [INFO] in scala-execution-context-global-54 - [info] c.j.i.s.ViewInfo$ - 
2020-10-29 16:11:11,807 [INFO] in scala-execution-context-global-54 - [info] c.j.i.c.InstanceImpl - closing window!
2020-10-29 16:16:35,530 [INFO] in scala-execution-context-global-39 - [info] c.j.i.s.Initializer$ - redirected OUT / ERR
2020-10-29 16:16:35,532 [INFO] in scala-execution-context-global-52 - [info] c.j.i.s.Initializer$ - installed SLF4JBridge
2020-10-29 16:16:35,533 [INFO] in scala-execution-context-global-52 - [info] c.j.i.s.MonocleInitializer$ - screen: null
2020-10-29 16:16:35,534 [INFO] in scala-execution-context-global-52 - [info] c.j.i.s.Initializer$ - finished init!
2020-10-29 16:16:35,535 [INFO] in scala-execution-context-global-52 - [info] c.j.i.s.Initializer$ - JavaFX version: 15.0.0.2-jpro+0-2020-09-30-150835
2020-10-29 16:16:35,913 [INFO] in scala-execution-context-global-54 - [info] c.j.i.c.m.ChartJSONImExporter - Imported chart data Thu Oct 29 16:16:35 CET 2020
2020-10-29 16:16:35,919 [INFO] in scala-execution-context-global-54 - [info] c.j.i.c.m.DynamicDataModel - Started Monitoring chart data...
2020-10-29 16:16:38,068 [INFO] in scala-execution-context-global-54 - [info] c.jpro - application requested: 0!SightReadMaster
2020-10-29 16:16:38,094 [INFO] in scala-execution-context-global-54 - [info] c.jpro - Creating Application: 0!SightReadMaster
2020-10-29 16:16:38,099 [INFO] in scala-execution-context-global-54 - [info] c.jpro - remoteAddress 0:0:0:0:0:0:0:1
2020-10-29 16:16:38,107 [INFO] in scala-execution-context-global-54 - [info] c.jpro - host          localhost:8080
2020-10-29 16:16:38,113 [INFO] in scala-execution-context-global-54 - [info] c.jpro - uri           /app/0!SightReadMaster
2020-10-29 16:16:38,592 [INFO] in scala-execution-context-global-54 - [info] c.j.i.s.ViewSerializerActor - appdef: AppByMain(sightreadmaster,com.jpro.hellojpro.MainFXML,None,NamedClassLoader(system),false) clientinfo: ClientInfo(http://localhost:8080/,http://localhost:8080/app/SightReadMaster,1280.0,619.0,false,en,List(en, de-DE, en-US, pt-BR, pt, de),csrftoken=jSjBdeldEZPKCA5a1Qa5gh5F83P04DThhYdKz0N2z24yMkbeQKyFsWtot8E3Yw9y,Map(csrftoken -> jSjBdeldEZPKCA5a1Qa5gh5F83P04DThhYdKz0N2z24yMkbeQKyFsWtot8E3Yw9y, Idea-89ab94d4 -> 8868befc-9fd4-4441-af7d-31d29810825f),Map(Host -> List(localhost:8080), Cookie -> List(Idea-89ab94d4=8868befc-9fd4-4441-af7d-31d29810825f; csrftoken=jSjBdeldEZPKCA5a1Qa5gh5F83P04DThhYdKz0N2z24yMkbeQKyFsWtot8E3Yw9y), Origin -> List(http://localhost:8080), Pragma -> List(no-cache), Upgrade -> List(websocket), Connection -> List(Upgrade), User-Agent -> List(Mozilla/5.0 (Windows NT 10.0; Win64; x64) AppleWebKit/537.36 (KHTML, like Gecko) Chrome/86.0.4240.111 Safari/537.36), Cache-Control -> List(no-cache), Remote-Address -> List(0:0:0:0:0:0:0:1:60409), Timeout-Access -> List(<function1>), Accept-Encoding -> List(gzip, deflate, br), Accept-Language -> List(en,de-DE;q=0.9,de;q=0.8,en-US;q=0.7,pt-BR;q=0.6,pt;q=0.5), Raw-Request-URI -> List(/app/0!SightReadMaster), Tls-Session-Info -> List(Session(1603984594007|SSL_NULL_WITH_NULL_NULL)), Sec-WebSocket-Key -> List(7totH32lzdILOR0L43nuyQ==), UpgradeToWebSocket -> List(), Sec-WebSocket-Version -> List(13), Sec-WebSocket-Extensions -> List(permessage-deflate; client_max_window_bits)))out: Actor[akka://application/system/Materializers/StreamSupervisor-0/$$f-actorRefSource#-1925944791]
2020-10-29 16:16:39,008 [INFO] in scala-execution-context-global-54 - [info] c.jpro - application requested: 2112404662!SightReadMaster
2020-10-29 16:16:39,021 [INFO] in scala-execution-context-global-54 - [info] c.jpro - Creating Application: 2112404662!SightReadMaster
2020-10-29 16:16:39,025 [INFO] in scala-execution-context-global-54 - [info] c.jpro - remoteAddress 0:0:0:0:0:0:0:1
2020-10-29 16:16:39,027 [INFO] in scala-execution-context-global-54 - [info] c.jpro - host          localhost:8080
2020-10-29 16:16:39,031 [INFO] in scala-execution-context-global-54 - [info] c.jpro - uri           /app/2112404662!SightReadMaster
2020-10-29 16:16:40,422 [INFO] in scala-execution-context-global-54 - [warn] javafx.css - CSS Error parsing '*{-fx-text-fill: #22222;}: Invalid color specification while parsing '-fx-text-fill' at [1,17]
2020-10-29 16:16:41,841 [INFO] in scala-execution-context-global-54 - [info] c.j.i.s.ViewSerializerActor - appdef: AppByID(2112404662,Some(AppByMain(sightreadmaster,com.jpro.hellojpro.MainFXML,None,NamedClassLoader(system),false))) clientinfo: ClientInfo(http://localhost:8080/#app,http://localhost:8080/app/SightReadMaster,425.0,320.0,false,en,List(en, de-DE, en-US, pt-BR, pt, de),csrftoken=jSjBdeldEZPKCA5a1Qa5gh5F83P04DThhYdKz0N2z24yMkbeQKyFsWtot8E3Yw9y,Map(csrftoken -> jSjBdeldEZPKCA5a1Qa5gh5F83P04DThhYdKz0N2z24yMkbeQKyFsWtot8E3Yw9y, Idea-89ab94d4 -> 8868befc-9fd4-4441-af7d-31d29810825f),Map(Host -> List(localhost:8080), Cookie -> List(Idea-89ab94d4=8868befc-9fd4-4441-af7d-31d29810825f; csrftoken=jSjBdeldEZPKCA5a1Qa5gh5F83P04DThhYdKz0N2z24yMkbeQKyFsWtot8E3Yw9y), Origin -> List(http://localhost:8080), Pragma -> List(no-cache), Upgrade -> List(websocket), Connection -> List(Upgrade), User-Agent -> List(Mozilla/5.0 (Linux; Android 6.0; Nexus 5 Build/MRA58N) AppleWebKit/537.36 (KHTML, like Gecko) Chrome/86.0.4240.111 Mobile Safari/537.36), Cache-Control -> List(no-cache), Remote-Address -> List(0:0:0:0:0:0:0:1:60410), Timeout-Access -> List(<function1>), Accept-Encoding -> List(gzip, deflate, br), Accept-Language -> List(en,de-DE;q=0.9,de;q=0.8,en-US;q=0.7,pt-BR;q=0.6,pt;q=0.5), Raw-Request-URI -> List(/app/2112404662!SightReadMaster), Tls-Session-Info -> List(Session(1603984594007|SSL_NULL_WITH_NULL_NULL)), Sec-WebSocket-Key -> List(n8TFlD3qRNoJ4ddUkjWrpg==), UpgradeToWebSocket -> List(), Sec-WebSocket-Version -> List(13), Sec-WebSocket-Extensions -> List(permessage-deflate; client_max_window_bits)))out: Actor[akka://application/system/Materializers/StreamSupervisor-0/$$i-actorRefSource#1079878173]
2020-10-29 16:16:42,523 [INFO] in scala-execution-context-global-54 - [warn] c.jpro - jpro.plainFile - Couldn't get resource for: 'jpro/html/jpro-js-opt.js.map'
2020-10-29 16:16:42,702 [INFO] in scala-execution-context-global-54 - [warn] javafx.css - CSS Error parsing '*{-fx-text-fill: #22222;}: Invalid color specification while parsing '-fx-text-fill' at [1,17]
2020-10-29 16:16:42,830 [INFO] in scala-execution-context-global-54 - [info] c.jpro - application requested: 0!SightReadMaster
2020-10-29 16:16:42,834 [INFO] in scala-execution-context-global-54 - [info] c.jpro - Creating Application: 0!SightReadMaster
2020-10-29 16:16:42,838 [INFO] in scala-execution-context-global-54 - [info] c.jpro - remoteAddress 0:0:0:0:0:0:0:1
2020-10-29 16:16:42,839 [INFO] in scala-execution-context-global-54 - [info] c.jpro - host          localhost:8080
2020-10-29 16:16:42,840 [INFO] in scala-execution-context-global-54 - [info] c.jpro - uri           /app/0!SightReadMaster
2020-10-29 16:16:43,080 [INFO] in scala-execution-context-global-54 - [info] c.j.i.s.ViewSerializerActor - appdef: AppByMain(sightreadmaster,com.jpro.hellojpro.MainFXML,None,NamedClassLoader(system),false) clientinfo: ClientInfo(http://localhost:8080/#app,http://localhost:8080/app/SightReadMaster,425.0,320.0,true,en,List(en, de-DE, en-US, pt-BR, pt, de),csrftoken=jSjBdeldEZPKCA5a1Qa5gh5F83P04DThhYdKz0N2z24yMkbeQKyFsWtot8E3Yw9y,Map(csrftoken -> jSjBdeldEZPKCA5a1Qa5gh5F83P04DThhYdKz0N2z24yMkbeQKyFsWtot8E3Yw9y, Idea-89ab94d4 -> 8868befc-9fd4-4441-af7d-31d29810825f),Map(Host -> List(localhost:8080), Cookie -> List(Idea-89ab94d4=8868befc-9fd4-4441-af7d-31d29810825f; csrftoken=jSjBdeldEZPKCA5a1Qa5gh5F83P04DThhYdKz0N2z24yMkbeQKyFsWtot8E3Yw9y), Origin -> List(http://localhost:8080), Pragma -> List(no-cache), Upgrade -> List(websocket), Connection -> List(Upgrade), User-Agent -> List(Mozilla/5.0 (Linux; Android 6.0; Nexus 5 Build/MRA58N) AppleWebKit/537.36 (KHTML, like Gecko) Chrome/86.0.4240.111 Mobile Safari/537.36), Cache-Control -> List(no-cache), Remote-Address -> List(0:0:0:0:0:0:0:1:60413), Timeout-Access -> List(<function1>), Accept-Encoding -> List(gzip, deflate, br), Accept-Language -> List(en,de-DE;q=0.9,de;q=0.8,en-US;q=0.7,pt-BR;q=0.6,pt;q=0.5), Raw-Request-URI -> List(/app/0!SightReadMaster), Tls-Session-Info -> List(Session(1603984594007|SSL_NULL_WITH_NULL_NULL)), Sec-WebSocket-Key -> List(lxxrEvIJirFY2UHJ9z5oxA==), UpgradeToWebSocket -> List(), Sec-WebSocket-Version -> List(13), Sec-WebSocket-Extensions -> List(permessage-deflate; client_max_window_bits)))out: Actor[akka://application/system/Materializers/StreamSupervisor-0/$$l-actorRefSource#-2115238460]
2020-10-29 16:16:43,664 [INFO] in scala-execution-context-global-54 - [warn] javafx.css - CSS Error parsing '*{-fx-text-fill: #22222;}: Invalid color specification while parsing '-fx-text-fill' at [1,17]
2020-10-29 16:16:44,011 [INFO] in scala-execution-context-global-54 - [info] c.j.i.s.ViewInfo$ - 
2020-10-29 16:16:44,011 [INFO] in scala-execution-context-global-54 - [info] c.j.i.s.ViewInfo$ - Application closed:
2020-10-29 16:16:44,014 [INFO] in scala-execution-context-global-54 - [info] c.j.i.s.ViewInfo$ - startTime      : Thu Oct 29 16:16:38 CET 2020      
2020-10-29 16:16:44,021 [INFO] in scala-execution-context-global-54 - [info] c.j.i.s.ViewInfo$ - averageLatency : 00:00:00.000 
2020-10-29 16:16:44,022 [INFO] in scala-execution-context-global-54 - [info] c.j.i.s.ViewInfo$ - averageJitter  : 00:00:00.000  
2020-10-29 16:16:44,023 [INFO] in scala-execution-context-global-54 - [info] c.j.i.s.ViewInfo$ - framerateServer: 00:00:00.000
2020-10-29 16:16:44,024 [INFO] in scala-execution-context-global-54 - [info] c.j.i.s.ViewInfo$ - framerateClient: 00:00:00.000
2020-10-29 16:16:44,025 [INFO] in scala-execution-context-global-54 - [info] c.j.i.s.ViewInfo$ - raw            : 0
2020-10-29 16:16:44,026 [INFO] in scala-execution-context-global-54 - [info] c.j.i.s.ViewInfo$ - zipped         : 0
2020-10-29 16:16:44,027 [INFO] in scala-execution-context-global-54 - [info] c.j.i.s.ViewInfo$ - 
2020-10-29 16:16:44,052 [INFO] in scala-execution-context-global-54 - [info] c.j.i.c.InstanceImpl - closing window!
2020-10-29 16:16:44,246 [INFO] in scala-execution-context-global-52 - [info] com.jpro.JS - received msg: new MainID: 824 userid: 82784803
2020-10-29 16:16:44,263 [INFO] in scala-execution-context-global-52 - [info] com.jpro.JS - received msg: new MainID: 824 userid: 1262417374
2020-10-29 16:17:35,375 [INFO] in scala-execution-context-global-39 - [info] c.j.m.s.Util$ - Bass
2020-10-29 16:17:35,484 [INFO] in scala-execution-context-global-39 - [error] com.jpro.JS - received msg: Unexpected exception at updateFun at TextInputControlInfo(TextInput(Bass,(0,0),216,(0,1)),text,false,Some(id: 5095)): scala.scalajs.js.JavaScriptException: ReferenceError: Cg is not defined
2020-10-29 16:17:35,502 [INFO] in scala-execution-context-global-39 - [error] com.jpro.JS - received msg: Unexpected exception at updateFun at TextInputControlInfo(TextInput(Bass,(0,0),216,(0,1)),text,false,Some(id: 5095)): scala.scalajs.js.JavaScriptException: ReferenceError: Cg is not defined
2020-10-29 16:17:36,470 [INFO] in scala-execution-context-global-39 - [error] com.jpro.JS - received msg: Unexpected exception at updateFun at TextInputControlInfo(TextInput(Tremble,(0,0),216,(0,2)),text,false,Some(id: 5095)): scala.scalajs.js.JavaScriptException: ReferenceError: Cg is not defined
2020-10-29 16:17:36,486 [INFO] in scala-execution-context-global-54 - [error] com.jpro.JS - received msg: Unexpected exception at updateFun at TextInputControlInfo(TextInput(Tremble,(0,0),216,(0,2)),text,false,Some(id: 5095)): scala.scalajs.js.JavaScriptException: ReferenceError: Cg is not defined
2020-10-29 16:17:37,081 [INFO] in scala-execution-context-global-54 - [info] c.j.m.s.Util$ - C
2020-10-29 16:17:37,096 [INFO] in scala-execution-context-global-54 - [error] com.jpro.JS - received msg: Unexpected exception at updateFun at TextInputControlInfo(TextInput(C,(0,0),199,(0,3)),text,false,Some(id: 4594)): scala.scalajs.js.JavaScriptException: ReferenceError: Cg is not defined
2020-10-29 16:17:37,144 [INFO] in scala-execution-context-global-54 - [error] com.jpro.JS - received msg: Unexpected exception at updateFun at TextInputControlInfo(TextInput(C,(0,0),199,(0,3)),text,false,Some(id: 4594)): scala.scalajs.js.JavaScriptException: ReferenceError: Cg is not defined
2020-10-29 16:17:38,327 [INFO] in scala-execution-context-global-39 - [error] com.jpro.JS - received msg: Unexpected exception at updateFun at TextInputControlInfo(TextInput(Db,(0,0),199,(0,4)),text,false,Some(id: 4594)): scala.scalajs.js.JavaScriptException: ReferenceError: Cg is not defined
2020-10-29 16:17:38,344 [INFO] in scala-execution-context-global-54 - [error] com.jpro.JS - received msg: Unexpected exception at updateFun at TextInputControlInfo(TextInput(Db,(0,0),199,(0,4)),text,false,Some(id: 4594)): scala.scalajs.js.JavaScriptException: ReferenceError: Cg is not defined
2020-10-29 16:17:39,047 [INFO] in scala-execution-context-global-54 - [info] c.j.m.s.Util$ - Sharp
2020-10-29 16:17:39,062 [INFO] in scala-execution-context-global-54 - [error] com.jpro.JS - received msg: Unexpected exception at updateFun at TextInputControlInfo(TextInput(Sharp,(0,0),186,(0,5)),text,false,Some(id: 4223)): scala.scalajs.js.JavaScriptException: ReferenceError: Cg is not defined
2020-10-29 16:17:39,080 [INFO] in scala-execution-context-global-54 - [error] com.jpro.JS - received msg: Unexpected exception at updateFun at TextInputControlInfo(TextInput(Sharp,(0,0),186,(0,5)),text,false,Some(id: 4223)): scala.scalajs.js.JavaScriptException: ReferenceError: Cg is not defined
2020-10-29 16:17:41,034 [INFO] in scala-execution-context-global-54 - [info] c.j.m.s.Util$ - b5
2020-10-29 16:17:41,048 [INFO] in scala-execution-context-global-54 - [error] com.jpro.JS - received msg: Unexpected exception at updateFun at TextInputControlInfo(TextInput(b5,(0,0),230,(0,6)),text,false,Some(id: 5511)): scala.scalajs.js.JavaScriptException: ReferenceError: Cg is not defined
2020-10-29 16:17:42,033 [INFO] in scala-execution-context-global-54 - [info] c.j.m.s.Util$ - 79
2020-10-29 16:17:42,054 [INFO] in scala-execution-context-global-54 - [error] com.jpro.JS - received msg: Unexpected exception at updateFun at TextInputControlInfo(TextInput(79,(0,0),170,(0,7)),text,false,Some(id: 3795)): scala.scalajs.js.JavaScriptException: ReferenceError: Cg is not defined
2020-10-29 16:17:42,087 [INFO] in scala-execution-context-global-54 - [error] com.jpro.JS - received msg: Unexpected exception at updateFun at TextInputControlInfo(TextInput(79,(0,0),170,(0,7)),text,false,Some(id: 3795)): scala.scalajs.js.JavaScriptException: ReferenceError: Cg is not defined
2020-10-29 16:22:50,304 [INFO] in scala-execution-context-global-39 - [info] c.j.i.s.Initializer$ - redirected OUT / ERR
2020-10-29 16:22:50,305 [INFO] in scala-execution-context-global-39 - [info] c.j.i.s.Initializer$ - installed SLF4JBridge
2020-10-29 16:22:50,305 [INFO] in scala-execution-context-global-39 - [info] c.j.i.s.MonocleInitializer$ - screen: null
2020-10-29 16:22:50,305 [INFO] in scala-execution-context-global-39 - [info] c.j.i.s.Initializer$ - finished init!
2020-10-29 16:22:50,306 [INFO] in scala-execution-context-global-39 - [info] c.j.i.s.Initializer$ - JavaFX version: 15.0.0.2-jpro+0-2020-09-30-150835
2020-10-29 16:22:50,640 [INFO] in scala-execution-context-global-57 - [info] c.j.i.c.m.ChartJSONImExporter - Imported chart data Thu Oct 29 16:22:50 CET 2020
2020-10-29 16:22:50,646 [INFO] in scala-execution-context-global-57 - [info] c.j.i.c.m.DynamicDataModel - Started Monitoring chart data...
2020-10-29 16:22:52,660 [INFO] in scala-execution-context-global-57 - [info] c.jpro - application requested: 0!SightReadMaster
2020-10-29 16:22:52,687 [INFO] in scala-execution-context-global-57 - [info] c.jpro - Creating Application: 0!SightReadMaster
2020-10-29 16:22:52,694 [INFO] in scala-execution-context-global-57 - [info] c.jpro - remoteAddress 0:0:0:0:0:0:0:1
2020-10-29 16:22:52,701 [INFO] in scala-execution-context-global-57 - [info] c.jpro - host          localhost:8080
2020-10-29 16:22:52,703 [INFO] in scala-execution-context-global-57 - [info] c.jpro - uri           /app/0!SightReadMaster
2020-10-29 16:22:53,146 [INFO] in scala-execution-context-global-57 - [info] c.j.i.s.ViewSerializerActor - appdef: AppByMain(sightreadmaster,com.jpro.hellojpro.MainFXML,None,NamedClassLoader(system),false) clientinfo: ClientInfo(http://localhost:8080/,http://localhost:8080/app/SightReadMaster,1280.0,619.0,false,en,List(en, de-DE, en-US, pt-BR, pt, de),csrftoken=jSjBdeldEZPKCA5a1Qa5gh5F83P04DThhYdKz0N2z24yMkbeQKyFsWtot8E3Yw9y,Map(csrftoken -> jSjBdeldEZPKCA5a1Qa5gh5F83P04DThhYdKz0N2z24yMkbeQKyFsWtot8E3Yw9y, Idea-89ab94d4 -> 8868befc-9fd4-4441-af7d-31d29810825f),Map(Host -> List(localhost:8080), Cookie -> List(Idea-89ab94d4=8868befc-9fd4-4441-af7d-31d29810825f; csrftoken=jSjBdeldEZPKCA5a1Qa5gh5F83P04DThhYdKz0N2z24yMkbeQKyFsWtot8E3Yw9y), Origin -> List(http://localhost:8080), Pragma -> List(no-cache), Upgrade -> List(websocket), Connection -> List(Upgrade), User-Agent -> List(Mozilla/5.0 (Windows NT 10.0; Win64; x64) AppleWebKit/537.36 (KHTML, like Gecko) Chrome/86.0.4240.111 Safari/537.36), Cache-Control -> List(no-cache), Remote-Address -> List(0:0:0:0:0:0:0:1:60644), Timeout-Access -> List(<function1>), Accept-Encoding -> List(gzip, deflate, br), Accept-Language -> List(en,de-DE;q=0.9,de;q=0.8,en-US;q=0.7,pt-BR;q=0.6,pt;q=0.5), Raw-Request-URI -> List(/app/0!SightReadMaster), Tls-Session-Info -> List(Session(1603984969177|SSL_NULL_WITH_NULL_NULL)), Sec-WebSocket-Key -> List(NEcrV7YAtwFECmRv65vXHg==), UpgradeToWebSocket -> List(), Sec-WebSocket-Version -> List(13), Sec-WebSocket-Extensions -> List(permessage-deflate; client_max_window_bits)))out: Actor[akka://application/system/Materializers/StreamSupervisor-0/$$f-actorRefSource#1080515620]
2020-10-29 16:22:54,789 [INFO] in scala-execution-context-global-57 - [warn] javafx.css - CSS Error parsing '*{-fx-text-fill: #22222;}: Invalid color specification while parsing '-fx-text-fill' at [1,17]
2020-10-29 16:22:56,113 [INFO] in scala-execution-context-global-57 - [info] com.jpro.JS - received msg: new MainID: 824 userid: 184699455
2020-10-29 16:23:03,184 [INFO] in scala-execution-context-global-57 - [info] c.jpro - application requested: 866775083!SightReadMaster
2020-10-29 16:23:03,186 [INFO] in scala-execution-context-global-57 - [info] c.jpro - Creating Application: 866775083!SightReadMaster
2020-10-29 16:23:03,193 [INFO] in scala-execution-context-global-57 - [info] c.jpro - remoteAddress 0:0:0:0:0:0:0:1
2020-10-29 16:23:03,195 [INFO] in scala-execution-context-global-57 - [info] c.jpro - host          localhost:8080
2020-10-29 16:23:03,196 [INFO] in scala-execution-context-global-57 - [info] c.jpro - uri           /app/866775083!SightReadMaster
2020-10-29 16:23:03,223 [INFO] in scala-execution-context-global-57 - [info] c.j.i.s.ViewSerializerActor - appdef: AppByID(866775083,Some(AppByMain(sightreadmaster,com.jpro.hellojpro.MainFXML,None,NamedClassLoader(system),false))) clientinfo: ClientInfo(http://localhost:8080/,http://localhost:8080/app/SightReadMaster,1280.0,619.0,false,en,List(en, de-DE, en-US, pt-BR, pt, de),csrftoken=jSjBdeldEZPKCA5a1Qa5gh5F83P04DThhYdKz0N2z24yMkbeQKyFsWtot8E3Yw9y,Map(csrftoken -> jSjBdeldEZPKCA5a1Qa5gh5F83P04DThhYdKz0N2z24yMkbeQKyFsWtot8E3Yw9y, Idea-89ab94d4 -> 8868befc-9fd4-4441-af7d-31d29810825f),Map(Host -> List(localhost:8080), Cookie -> List(Idea-89ab94d4=8868befc-9fd4-4441-af7d-31d29810825f; csrftoken=jSjBdeldEZPKCA5a1Qa5gh5F83P04DThhYdKz0N2z24yMkbeQKyFsWtot8E3Yw9y), Origin -> List(http://localhost:8080), Pragma -> List(no-cache), Upgrade -> List(websocket), Connection -> List(Upgrade), User-Agent -> List(Mozilla/5.0 (Windows NT 10.0; Win64; x64) AppleWebKit/537.36 (KHTML, like Gecko) Chrome/86.0.4240.111 Safari/537.36), Cache-Control -> List(no-cache), Remote-Address -> List(0:0:0:0:0:0:0:1:60653), Timeout-Access -> List(<function1>), Accept-Encoding -> List(gzip, deflate, br), Accept-Language -> List(en,de-DE;q=0.9,de;q=0.8,en-US;q=0.7,pt-BR;q=0.6,pt;q=0.5), Raw-Request-URI -> List(/app/866775083!SightReadMaster), Tls-Session-Info -> List(Session(1603984969177|SSL_NULL_WITH_NULL_NULL)), Sec-WebSocket-Key -> List(qEXtm+2C05n0GNRJl2SvYg==), UpgradeToWebSocket -> List(), Sec-WebSocket-Version -> List(13), Sec-WebSocket-Extensions -> List(permessage-deflate; client_max_window_bits)))out: Actor[akka://application/system/Materializers/StreamSupervisor-0/$$i-actorRefSource#-35934109]
2020-10-29 16:23:03,573 [INFO] in scala-execution-context-global-57 - [warn] javafx.css - CSS Error parsing '*{-fx-text-fill: #22222;}: Invalid color specification while parsing '-fx-text-fill' at [1,17]
2020-10-29 16:23:04,114 [INFO] in scala-execution-context-global-57 - [info] com.jpro.JS - received msg: new MainID: 824 userid: 842090578
2020-10-29 16:23:04,193 [INFO] in scala-execution-context-global-57 - [info] c.jpro - application requested: 1947978747!SightReadMaster
2020-10-29 16:23:04,196 [INFO] in scala-execution-context-global-57 - [info] c.jpro - Creating Application: 1947978747!SightReadMaster
2020-10-29 16:23:04,203 [INFO] in scala-execution-context-global-57 - [info] c.jpro - remoteAddress 0:0:0:0:0:0:0:1
2020-10-29 16:23:04,207 [INFO] in scala-execution-context-global-57 - [info] c.jpro - host          localhost:8080
2020-10-29 16:23:04,210 [INFO] in scala-execution-context-global-57 - [info] c.jpro - uri           /app/1947978747!SightReadMaster
2020-10-29 16:23:04,263 [INFO] in scala-execution-context-global-57 - [info] c.j.i.s.ViewSerializerActor - appdef: AppByID(1947978747,Some(AppByMain(sightreadmaster,com.jpro.hellojpro.MainFXML,None,NamedClassLoader(system),false))) clientinfo: ClientInfo(http://localhost:8080/#app,http://localhost:8080/app/SightReadMaster,419.0,510.0,true,en,List(en, de-DE, en-US, pt-BR, pt, de),csrftoken=jSjBdeldEZPKCA5a1Qa5gh5F83P04DThhYdKz0N2z24yMkbeQKyFsWtot8E3Yw9y,Map(csrftoken -> jSjBdeldEZPKCA5a1Qa5gh5F83P04DThhYdKz0N2z24yMkbeQKyFsWtot8E3Yw9y, Idea-89ab94d4 -> 8868befc-9fd4-4441-af7d-31d29810825f),Map(Host -> List(localhost:8080), Cookie -> List(Idea-89ab94d4=8868befc-9fd4-4441-af7d-31d29810825f; csrftoken=jSjBdeldEZPKCA5a1Qa5gh5F83P04DThhYdKz0N2z24yMkbeQKyFsWtot8E3Yw9y), Origin -> List(http://localhost:8080), Pragma -> List(no-cache), Upgrade -> List(websocket), Connection -> List(Upgrade), User-Agent -> List(Mozilla/5.0 (Linux; Android 6.0; Nexus 5 Build/MRA58N) AppleWebKit/537.36 (KHTML, like Gecko) Chrome/86.0.4240.111 Mobile Safari/537.36), Cache-Control -> List(no-cache), Remote-Address -> List(0:0:0:0:0:0:0:1:60654), Timeout-Access -> List(<function1>), Accept-Encoding -> List(gzip, deflate, br), Accept-Language -> List(en,de-DE;q=0.9,de;q=0.8,en-US;q=0.7,pt-BR;q=0.6,pt;q=0.5), Raw-Request-URI -> List(/app/1947978747!SightReadMaster), Tls-Session-Info -> List(Session(1603984969177|SSL_NULL_WITH_NULL_NULL)), Sec-WebSocket-Key -> List(v1NrQw653FKHidyLtVe76A==), UpgradeToWebSocket -> List(), Sec-WebSocket-Version -> List(13), Sec-WebSocket-Extensions -> List(permessage-deflate; client_max_window_bits)))out: Actor[akka://application/system/Materializers/StreamSupervisor-0/$$l-actorRefSource#1087677926]
2020-10-29 16:23:04,815 [INFO] in scala-execution-context-global-57 - [warn] javafx.css - CSS Error parsing '*{-fx-text-fill: #22222;}: Invalid color specification while parsing '-fx-text-fill' at [1,17]
2020-10-29 16:23:05,666 [INFO] in scala-execution-context-global-57 - [info] com.jpro.JS - received msg: new MainID: 824 userid: 621497479
2020-10-29 16:23:05,925 [INFO] in scala-execution-context-global-57 - [info] c.j.i.s.ViewInfo$ - 
2020-10-29 16:23:05,934 [INFO] in scala-execution-context-global-57 - [info] c.j.i.s.ViewInfo$ - Application closed:
2020-10-29 16:23:05,941 [INFO] in scala-execution-context-global-57 - [info] c.j.i.s.ViewInfo$ - startTime      : Thu Oct 29 16:23:05 CET 2020      
2020-10-29 16:23:05,946 [INFO] in scala-execution-context-global-57 - [info] c.j.i.s.ViewInfo$ - averageLatency : 00:00:00.001 
2020-10-29 16:23:05,947 [INFO] in scala-execution-context-global-57 - [info] c.j.i.s.ViewInfo$ - averageJitter  : 00:00:00.001  
2020-10-29 16:23:05,968 [INFO] in scala-execution-context-global-57 - [info] c.j.i.s.ViewInfo$ - framerateServer: 00:00:00.000
2020-10-29 16:23:05,971 [INFO] in scala-execution-context-global-57 - [info] c.j.i.s.ViewInfo$ - framerateClient: 00:00:00.000
2020-10-29 16:23:05,973 [INFO] in scala-execution-context-global-57 - [info] c.j.i.s.ViewInfo$ - raw            : 28924
2020-10-29 16:23:05,979 [INFO] in scala-execution-context-global-57 - [info] c.j.i.s.ViewInfo$ - zipped         : 4246
2020-10-29 16:23:05,981 [INFO] in scala-execution-context-global-56 - [info] c.j.i.s.ViewInfo$ - 
2020-10-29 16:23:06,563 [INFO] in scala-execution-context-global-57 - [warn] c.jpro - jpro.plainFile - Couldn't get resource for: 'jpro/html/jpro-js-opt.js.map'
2020-10-29 16:23:06,733 [INFO] in scala-execution-context-global-57 - [info] c.jpro - application requested: 0!SightReadMaster
2020-10-29 16:23:06,738 [INFO] in scala-execution-context-global-57 - [info] c.jpro - Creating Application: 0!SightReadMaster
2020-10-29 16:23:06,742 [INFO] in scala-execution-context-global-57 - [info] c.jpro - remoteAddress 0:0:0:0:0:0:0:1
2020-10-29 16:23:06,747 [INFO] in scala-execution-context-global-57 - [info] c.jpro - host          localhost:8080
2020-10-29 16:23:06,754 [INFO] in scala-execution-context-global-57 - [info] c.jpro - uri           /app/0!SightReadMaster
2020-10-29 16:23:06,887 [INFO] in scala-execution-context-global-57 - [info] c.j.i.s.ViewSerializerActor - appdef: AppByMain(sightreadmaster,com.jpro.hellojpro.MainFXML,None,NamedClassLoader(system),false) clientinfo: ClientInfo(http://localhost:8080/#app,http://localhost:8080/app/SightReadMaster,419.0,510.0,true,en,List(en, de-DE, en-US, pt-BR, pt, de),csrftoken=jSjBdeldEZPKCA5a1Qa5gh5F83P04DThhYdKz0N2z24yMkbeQKyFsWtot8E3Yw9y,Map(csrftoken -> jSjBdeldEZPKCA5a1Qa5gh5F83P04DThhYdKz0N2z24yMkbeQKyFsWtot8E3Yw9y, Idea-89ab94d4 -> 8868befc-9fd4-4441-af7d-31d29810825f),Map(Host -> List(localhost:8080), Cookie -> List(Idea-89ab94d4=8868befc-9fd4-4441-af7d-31d29810825f; csrftoken=jSjBdeldEZPKCA5a1Qa5gh5F83P04DThhYdKz0N2z24yMkbeQKyFsWtot8E3Yw9y), Origin -> List(http://localhost:8080), Pragma -> List(no-cache), Upgrade -> List(websocket), Connection -> List(Upgrade), User-Agent -> List(Mozilla/5.0 (Linux; Android 6.0; Nexus 5 Build/MRA58N) AppleWebKit/537.36 (KHTML, like Gecko) Chrome/86.0.4240.111 Mobile Safari/537.36), Cache-Control -> List(no-cache), Remote-Address -> List(0:0:0:0:0:0:0:1:60661), Timeout-Access -> List(<function1>), Accept-Encoding -> List(gzip, deflate, br), Accept-Language -> List(en,de-DE;q=0.9,de;q=0.8,en-US;q=0.7,pt-BR;q=0.6,pt;q=0.5), Raw-Request-URI -> List(/app/0!SightReadMaster), Tls-Session-Info -> List(Session(1603984969177|SSL_NULL_WITH_NULL_NULL)), Sec-WebSocket-Key -> List(BOFnqghy0N3JaA1l+XkVrw==), UpgradeToWebSocket -> List(), Sec-WebSocket-Version -> List(13), Sec-WebSocket-Extensions -> List(permessage-deflate; client_max_window_bits)))out: Actor[akka://application/system/Materializers/StreamSupervisor-0/$$q-actorRefSource#-1098916441]
2020-10-29 16:23:07,207 [INFO] in scala-execution-context-global-57 - [warn] javafx.css - CSS Error parsing '*{-fx-text-fill: #22222;}: Invalid color specification while parsing '-fx-text-fill' at [1,17]
2020-10-29 16:23:07,505 [INFO] in scala-execution-context-global-57 - [info] com.jpro.JS - received msg: new MainID: 824 userid: 831586560
2020-10-29 16:23:11,440 [INFO] in scala-execution-context-global-57 - [info] c.j.i.c.InstanceImpl - closing window!
2020-10-29 16:26:41,452 [INFO] in scala-execution-context-global-57 - [info] c.jpro.activity - Closing the server -> used memory: 93 MB  -  free system memory: 1125 MB
2020-10-29 16:27:04,666 [INFO] in scala-execution-context-global-39 - [info] c.j.i.s.Initializer$ - redirected OUT / ERR
2020-10-29 16:27:04,668 [INFO] in scala-execution-context-global-52 - [info] c.j.i.s.Initializer$ - installed SLF4JBridge
2020-10-29 16:27:04,670 [INFO] in scala-execution-context-global-52 - [info] c.j.i.s.MonocleInitializer$ - screen: null
2020-10-29 16:27:04,671 [INFO] in scala-execution-context-global-52 - [info] c.j.i.s.Initializer$ - finished init!
2020-10-29 16:27:04,673 [INFO] in scala-execution-context-global-39 - [info] c.j.i.s.Initializer$ - JavaFX version: 15.0.0.2-jpro+0-2020-09-30-150835
2020-10-29 16:27:05,167 [INFO] in scala-execution-context-global-55 - [info] c.j.i.c.m.ChartJSONImExporter - Imported chart data Thu Oct 29 16:27:04 CET 2020
2020-10-29 16:27:05,170 [INFO] in scala-execution-context-global-55 - [info] c.j.i.c.m.DynamicDataModel - Started Monitoring chart data...
2020-10-29 16:27:07,202 [INFO] in scala-execution-context-global-55 - [info] c.jpro - application requested: 0!SightReadMaster
2020-10-29 16:27:07,226 [INFO] in scala-execution-context-global-55 - [info] c.jpro - Creating Application: 0!SightReadMaster
2020-10-29 16:27:07,234 [INFO] in scala-execution-context-global-55 - [info] c.jpro - remoteAddress 0:0:0:0:0:0:0:1
2020-10-29 16:27:07,238 [INFO] in scala-execution-context-global-55 - [info] c.jpro - host          localhost:8080
2020-10-29 16:27:07,239 [INFO] in scala-execution-context-global-55 - [info] c.jpro - uri           /app/0!SightReadMaster
2020-10-29 16:27:07,515 [INFO] in scala-execution-context-global-55 - [info] c.jpro - application requested: 500699408!SightReadMaster
2020-10-29 16:27:07,516 [INFO] in scala-execution-context-global-55 - [info] c.jpro - Creating Application: 500699408!SightReadMaster
2020-10-29 16:27:07,517 [INFO] in scala-execution-context-global-55 - [info] c.jpro - remoteAddress 0:0:0:0:0:0:0:1
2020-10-29 16:27:07,518 [INFO] in scala-execution-context-global-52 - [info] c.jpro - host          localhost:8080
2020-10-29 16:27:07,519 [INFO] in scala-execution-context-global-52 - [info] c.jpro - uri           /app/500699408!SightReadMaster
2020-10-29 16:27:07,834 [INFO] in scala-execution-context-global-55 - [info] c.j.i.s.ViewSerializerActor - appdef: AppByMain(sightreadmaster,com.jpro.hellojpro.MainFXML,None,NamedClassLoader(system),false) clientinfo: ClientInfo(http://localhost:8080/,http://localhost:8080/app/SightReadMaster,1280.0,619.0,false,en,List(en, de-DE, en-US, pt-BR, pt, de),csrftoken=jSjBdeldEZPKCA5a1Qa5gh5F83P04DThhYdKz0N2z24yMkbeQKyFsWtot8E3Yw9y,Map(csrftoken -> jSjBdeldEZPKCA5a1Qa5gh5F83P04DThhYdKz0N2z24yMkbeQKyFsWtot8E3Yw9y, Idea-89ab94d4 -> 8868befc-9fd4-4441-af7d-31d29810825f),Map(Host -> List(localhost:8080), Cookie -> List(Idea-89ab94d4=8868befc-9fd4-4441-af7d-31d29810825f; csrftoken=jSjBdeldEZPKCA5a1Qa5gh5F83P04DThhYdKz0N2z24yMkbeQKyFsWtot8E3Yw9y), Origin -> List(http://localhost:8080), Pragma -> List(no-cache), Upgrade -> List(websocket), Connection -> List(Upgrade), User-Agent -> List(Mozilla/5.0 (Windows NT 10.0; Win64; x64) AppleWebKit/537.36 (KHTML, like Gecko) Chrome/86.0.4240.111 Safari/537.36), Cache-Control -> List(no-cache), Remote-Address -> List(0:0:0:0:0:0:0:1:60868), Timeout-Access -> List(<function1>), Accept-Encoding -> List(gzip, deflate, br), Accept-Language -> List(en,de-DE;q=0.9,de;q=0.8,en-US;q=0.7,pt-BR;q=0.6,pt;q=0.5), Raw-Request-URI -> List(/app/0!SightReadMaster), Tls-Session-Info -> List(Session(1603985223363|SSL_NULL_WITH_NULL_NULL)), Sec-WebSocket-Key -> List(J5BpnZHeL+j/PSt2+85ZQw==), UpgradeToWebSocket -> List(), Sec-WebSocket-Version -> List(13), Sec-WebSocket-Extensions -> List(permessage-deflate; client_max_window_bits)))out: Actor[akka://application/system/Materializers/StreamSupervisor-0/$$f-actorRefSource#-49951418]
2020-10-29 16:27:10,242 [INFO] in scala-execution-context-global-55 - [warn] c.jpro - jpro.plainFile - Couldn't get resource for: 'jpro/html/jpro-js-opt.js.map'
2020-10-29 16:27:10,448 [INFO] in scala-execution-context-global-55 - [info] c.jpro - application requested: 0!SightReadMaster
2020-10-29 16:27:10,450 [INFO] in scala-execution-context-global-55 - [info] c.jpro - Creating Application: 0!SightReadMaster
2020-10-29 16:27:10,452 [INFO] in scala-execution-context-global-55 - [info] c.jpro - remoteAddress 0:0:0:0:0:0:0:1
2020-10-29 16:27:10,457 [INFO] in scala-execution-context-global-55 - [info] c.jpro - host          localhost:8080
2020-10-29 16:27:10,457 [INFO] in scala-execution-context-global-55 - [info] c.jpro - uri           /app/0!SightReadMaster
2020-10-29 16:27:10,540 [INFO] in scala-execution-context-global-55 - [warn] javafx.css - CSS Error parsing '*{-fx-text-fill: #22222;}: Invalid color specification while parsing '-fx-text-fill' at [1,17]
2020-10-29 16:27:12,092 [INFO] in scala-execution-context-global-55 - [info] c.j.i.s.ViewSerializerActor - appdef: AppByID(500699408,Some(AppByMain(sightreadmaster,com.jpro.hellojpro.MainFXML,None,NamedClassLoader(system),false))) clientinfo: ClientInfo(http://localhost:8080/#app,http://localhost:8080/app/SightReadMaster,1248.0,852.0,true,en,List(en, de-DE, en-US, pt-BR, pt, de),csrftoken=jSjBdeldEZPKCA5a1Qa5gh5F83P04DThhYdKz0N2z24yMkbeQKyFsWtot8E3Yw9y,Map(csrftoken -> jSjBdeldEZPKCA5a1Qa5gh5F83P04DThhYdKz0N2z24yMkbeQKyFsWtot8E3Yw9y, Idea-89ab94d4 -> 8868befc-9fd4-4441-af7d-31d29810825f),Map(Host -> List(localhost:8080), Cookie -> List(Idea-89ab94d4=8868befc-9fd4-4441-af7d-31d29810825f; csrftoken=jSjBdeldEZPKCA5a1Qa5gh5F83P04DThhYdKz0N2z24yMkbeQKyFsWtot8E3Yw9y), Origin -> List(http://localhost:8080), Pragma -> List(no-cache), Upgrade -> List(websocket), Connection -> List(Upgrade), User-Agent -> List(Mozilla/5.0 (Linux; Android 6.0; Nexus 5 Build/MRA58N) AppleWebKit/537.36 (KHTML, like Gecko) Chrome/86.0.4240.111 Mobile Safari/537.36), Cache-Control -> List(no-cache), Remote-Address -> List(0:0:0:0:0:0:0:1:60869), Timeout-Access -> List(<function1>), Accept-Encoding -> List(gzip, deflate, br), Accept-Language -> List(en,de-DE;q=0.9,de;q=0.8,en-US;q=0.7,pt-BR;q=0.6,pt;q=0.5), Raw-Request-URI -> List(/app/500699408!SightReadMaster), Tls-Session-Info -> List(Session(1603985223363|SSL_NULL_WITH_NULL_NULL)), Sec-WebSocket-Key -> List(29M0FcYlBYFBqz8k1TnQnQ==), UpgradeToWebSocket -> List(), Sec-WebSocket-Version -> List(13), Sec-WebSocket-Extensions -> List(permessage-deflate; client_max_window_bits)))out: Actor[akka://application/system/Materializers/StreamSupervisor-0/$$i-actorRefSource#1850890875]
2020-10-29 16:27:12,697 [INFO] in scala-execution-context-global-55 - [warn] javafx.css - CSS Error parsing '*{-fx-text-fill: #22222;}: Invalid color specification while parsing '-fx-text-fill' at [1,17]
2020-10-29 16:27:13,144 [INFO] in scala-execution-context-global-55 - [info] c.j.i.s.ViewSerializerActor - appdef: AppByMain(sightreadmaster,com.jpro.hellojpro.MainFXML,None,NamedClassLoader(system),false) clientinfo: ClientInfo(http://localhost:8080/#app,http://localhost:8080/app/SightReadMaster,1248.0,852.0,true,en,List(en, de-DE, en-US, pt-BR, pt, de),csrftoken=jSjBdeldEZPKCA5a1Qa5gh5F83P04DThhYdKz0N2z24yMkbeQKyFsWtot8E3Yw9y,Map(csrftoken -> jSjBdeldEZPKCA5a1Qa5gh5F83P04DThhYdKz0N2z24yMkbeQKyFsWtot8E3Yw9y, Idea-89ab94d4 -> 8868befc-9fd4-4441-af7d-31d29810825f),Map(Host -> List(localhost:8080), Cookie -> List(Idea-89ab94d4=8868befc-9fd4-4441-af7d-31d29810825f; csrftoken=jSjBdeldEZPKCA5a1Qa5gh5F83P04DThhYdKz0N2z24yMkbeQKyFsWtot8E3Yw9y), Origin -> List(http://localhost:8080), Pragma -> List(no-cache), Upgrade -> List(websocket), Connection -> List(Upgrade), User-Agent -> List(Mozilla/5.0 (Linux; Android 6.0; Nexus 5 Build/MRA58N) AppleWebKit/537.36 (KHTML, like Gecko) Chrome/86.0.4240.111 Mobile Safari/537.36), Cache-Control -> List(no-cache), Remote-Address -> List(0:0:0:0:0:0:0:1:60874), Timeout-Access -> List(<function1>), Accept-Encoding -> List(gzip, deflate, br), Accept-Language -> List(en,de-DE;q=0.9,de;q=0.8,en-US;q=0.7,pt-BR;q=0.6,pt;q=0.5), Raw-Request-URI -> List(/app/0!SightReadMaster), Tls-Session-Info -> List(Session(1603985223363|SSL_NULL_WITH_NULL_NULL)), Sec-WebSocket-Key -> List(T29nH+U9G5BUodmkaKG40A==), UpgradeToWebSocket -> List(), Sec-WebSocket-Version -> List(13), Sec-WebSocket-Extensions -> List(permessage-deflate; client_max_window_bits)))out: Actor[akka://application/system/Materializers/StreamSupervisor-0/$$n-actorRefSource#-375847263]
2020-10-29 16:27:14,023 [INFO] in scala-execution-context-global-55 - [warn] javafx.css - CSS Error parsing '*{-fx-text-fill: #22222;}: Invalid color specification while parsing '-fx-text-fill' at [1,17]
2020-10-29 16:27:14,513 [INFO] in scala-execution-context-global-55 - [info] c.j.i.s.ViewInfo$ - 
2020-10-29 16:27:14,517 [INFO] in scala-execution-context-global-55 - [info] c.j.i.s.ViewInfo$ - Application closed:
2020-10-29 16:27:14,519 [INFO] in scala-execution-context-global-55 - [info] c.j.i.s.ViewInfo$ - startTime      : Thu Oct 29 16:27:07 CET 2020      
2020-10-29 16:27:14,520 [INFO] in scala-execution-context-global-55 - [info] c.j.i.s.ViewInfo$ - averageLatency : 00:00:00.000 
2020-10-29 16:27:14,522 [INFO] in scala-execution-context-global-55 - [info] c.j.i.s.ViewInfo$ - averageJitter  : 00:00:00.000  
2020-10-29 16:27:14,523 [INFO] in scala-execution-context-global-55 - [info] c.j.i.s.ViewInfo$ - framerateServer: 00:00:00.000
2020-10-29 16:27:14,524 [INFO] in scala-execution-context-global-55 - [info] c.j.i.s.ViewInfo$ - framerateClient: 00:00:00.000
2020-10-29 16:27:14,526 [INFO] in scala-execution-context-global-55 - [info] c.j.i.s.ViewInfo$ - raw            : 0
2020-10-29 16:27:14,527 [INFO] in scala-execution-context-global-55 - [info] c.j.i.s.ViewInfo$ - zipped         : 0
2020-10-29 16:27:14,528 [INFO] in scala-execution-context-global-55 - [info] c.j.i.s.ViewInfo$ - 
2020-10-29 16:27:14,566 [INFO] in scala-execution-context-global-55 - [info] c.j.i.c.InstanceImpl - closing window!
2020-10-29 16:27:14,817 [INFO] in scala-execution-context-global-55 - [info] com.jpro.JS - received msg: new MainID: 824 userid: 360810623
2020-10-29 16:27:14,832 [INFO] in scala-execution-context-global-55 - [info] com.jpro.JS - received msg: new MainID: 824 userid: 859010751
2020-10-29 16:27:39,398 [INFO] in scala-execution-context-global-55 - [info] c.j.m.s.Util$ - Sharp
2020-10-29 16:27:39,440 [INFO] in scala-execution-context-global-55 - [error] com.jpro.JS - received msg: Unexpected exception at updateFun at TextInputControlInfo(TextInput(Sharp,(0,0),186,(0,1)),text,false,Some(id: 4223)): scala.scalajs.js.JavaScriptException: ReferenceError: Cg is not defined
2020-10-29 16:27:39,925 [INFO] in scala-execution-context-global-52 - [info] c.j.m.s.Util$ - Db
2020-10-29 16:27:39,953 [INFO] in scala-execution-context-global-52 - [error] com.jpro.JS - received msg: Unexpected exception at updateFun at TextInputControlInfo(TextInput(Db,(0,0),199,(0,2)),text,false,Some(id: 4594)): scala.scalajs.js.JavaScriptException: ReferenceError: Cg is not defined
2020-10-29 16:27:39,968 [INFO] in scala-execution-context-global-52 - [error] com.jpro.JS - received msg: Unexpected exception at updateFun at TextInputControlInfo(TextInput(Db,(0,0),199,(0,2)),text,false,Some(id: 4594)): scala.scalajs.js.JavaScriptException: ReferenceError: Cg is not defined
2020-10-29 16:27:40,819 [INFO] in scala-execution-context-global-55 - [info] c.j.m.s.Util$ - Db3
2020-10-29 16:27:40,833 [INFO] in scala-execution-context-global-55 - [error] com.jpro.JS - received msg: Unexpected exception at updateFun at TextInputControlInfo(TextInput(Db3,(0,0),242,(0,3)),text,false,Some(id: 5854)): scala.scalajs.js.JavaScriptException: ReferenceError: Cg is not defined
2020-10-29 16:27:40,848 [INFO] in scala-execution-context-global-55 - [error] com.jpro.JS - received msg: Unexpected exception at updateFun at TextInputControlInfo(TextInput(Db3,(0,0),242,(0,3)),text,false,Some(id: 5854)): scala.scalajs.js.JavaScriptException: ReferenceError: Cg is not defined
2020-10-29 16:27:41,365 [INFO] in scala-execution-context-global-55 - [info] c.j.m.s.Util$ - b5
2020-10-29 16:27:41,392 [INFO] in scala-execution-context-global-55 - [error] com.jpro.JS - received msg: Unexpected exception at updateFun at TextInputControlInfo(TextInput(b5,(0,0),230,(0,4)),text,false,Some(id: 5511)): scala.scalajs.js.JavaScriptException: ReferenceError: Cg is not defined
2020-10-29 16:27:41,425 [INFO] in scala-execution-context-global-55 - [error] com.jpro.JS - received msg: Unexpected exception at updateFun at TextInputControlInfo(TextInput(b5,(0,0),230,(0,4)),text,false,Some(id: 5511)): scala.scalajs.js.JavaScriptException: ReferenceError: Cg is not defined
2020-10-29 16:27:43,385 [INFO] in scala-execution-context-global-55 - [info] c.j.m.s.Util$ - D3
2020-10-29 16:27:43,424 [INFO] in scala-execution-context-global-55 - [error] com.jpro.JS - received msg: Unexpected exception at updateFun at TextInputControlInfo(TextInput(D3,(0,0),242,(0,5)),text,false,Some(id: 5854)): scala.scalajs.js.JavaScriptException: ReferenceError: Cg is not defined
2020-10-29 16:28:02,612 [INFO] in scala-execution-context-global-55 - [info] c.j.m.s.Util$ - Sharp
2020-10-29 16:28:02,641 [INFO] in scala-execution-context-global-55 - [error] com.jpro.JS - received msg: Unexpected exception at updateFun at TextInputControlInfo(TextInput(Sharp,(0,0),186,(0,6)),text,false,Some(id: 4223)): scala.scalajs.js.JavaScriptException: ReferenceError: Cg is not defined
2020-10-29 16:28:03,300 [INFO] in scala-execution-context-global-55 - [info] c.j.m.s.Util$ - D
2020-10-29 16:28:03,312 [INFO] in scala-execution-context-global-55 - [error] com.jpro.JS - received msg: Unexpected exception at updateFun at TextInputControlInfo(TextInput(D,(0,0),199,(0,7)),text,false,Some(id: 4594)): scala.scalajs.js.JavaScriptException: ReferenceError: Cg is not defined
2020-10-29 16:28:03,329 [INFO] in scala-execution-context-global-55 - [error] com.jpro.JS - received msg: Unexpected exception at updateFun at TextInputControlInfo(TextInput(D,(0,0),199,(0,7)),text,false,Some(id: 4594)): scala.scalajs.js.JavaScriptException: ReferenceError: Cg is not defined
2020-10-29 16:28:04,101 [INFO] in scala-execution-context-global-52 - [info] c.j.m.s.Util$ - Bass
2020-10-29 16:28:04,127 [INFO] in scala-execution-context-global-55 - [error] com.jpro.JS - received msg: Unexpected exception at updateFun at TextInputControlInfo(TextInput(Bass,(0,0),216,(0,8)),text,false,Some(id: 5095)): scala.scalajs.js.JavaScriptException: ReferenceError: Cg is not defined
2020-10-29 16:28:04,143 [INFO] in scala-execution-context-global-52 - [error] com.jpro.JS - received msg: Unexpected exception at updateFun at TextInputControlInfo(TextInput(Bass,(0,0),216,(0,8)),text,false,Some(id: 5095)): scala.scalajs.js.JavaScriptException: ReferenceError: Cg is not defined
2020-10-29 16:32:06,345 [INFO] in scala-execution-context-global-39 - [info] c.j.i.s.Initializer$ - redirected OUT / ERR
2020-10-29 16:32:06,347 [INFO] in scala-execution-context-global-39 - [info] c.j.i.s.Initializer$ - installed SLF4JBridge
2020-10-29 16:32:06,348 [INFO] in scala-execution-context-global-39 - [info] c.j.i.s.MonocleInitializer$ - screen: null
2020-10-29 16:32:06,349 [INFO] in scala-execution-context-global-39 - [info] c.j.i.s.Initializer$ - finished init!
2020-10-29 16:32:06,350 [INFO] in scala-execution-context-global-39 - [info] c.j.i.s.Initializer$ - JavaFX version: 15.0.0.2-jpro+0-2020-09-30-150835
2020-10-29 16:32:06,817 [INFO] in scala-execution-context-global-56 - [info] c.j.i.c.m.ChartJSONImExporter - Imported chart data Thu Oct 29 16:32:06 CET 2020
2020-10-29 16:32:06,820 [INFO] in scala-execution-context-global-56 - [info] c.j.i.c.m.DynamicDataModel - Started Monitoring chart data...
2020-10-29 16:32:08,579 [INFO] in scala-execution-context-global-56 - [info] c.jpro - application requested: 0!SightReadMaster
2020-10-29 16:32:08,598 [INFO] in scala-execution-context-global-56 - [info] c.jpro - Creating Application: 0!SightReadMaster
2020-10-29 16:32:08,601 [INFO] in scala-execution-context-global-56 - [info] c.jpro - remoteAddress 0:0:0:0:0:0:0:1
2020-10-29 16:32:08,604 [INFO] in scala-execution-context-global-56 - [info] c.jpro - host          localhost:8080
2020-10-29 16:32:08,605 [INFO] in scala-execution-context-global-56 - [info] c.jpro - uri           /app/0!SightReadMaster
2020-10-29 16:32:09,101 [INFO] in scala-execution-context-global-56 - [info] c.j.i.s.ViewSerializerActor - appdef: AppByMain(sightreadmaster,com.jpro.hellojpro.MainFXML,None,NamedClassLoader(system),false) clientinfo: ClientInfo(http://localhost:8080/,http://localhost:8080/app/SightReadMaster,1273.0,609.0,false,en,List(en, de-DE, en-US, pt-BR, pt, de),csrftoken=jSjBdeldEZPKCA5a1Qa5gh5F83P04DThhYdKz0N2z24yMkbeQKyFsWtot8E3Yw9y,Map(csrftoken -> jSjBdeldEZPKCA5a1Qa5gh5F83P04DThhYdKz0N2z24yMkbeQKyFsWtot8E3Yw9y, Idea-89ab94d4 -> 8868befc-9fd4-4441-af7d-31d29810825f),Map(Host -> List(localhost:8080), Cookie -> List(Idea-89ab94d4=8868befc-9fd4-4441-af7d-31d29810825f; csrftoken=jSjBdeldEZPKCA5a1Qa5gh5F83P04DThhYdKz0N2z24yMkbeQKyFsWtot8E3Yw9y), Origin -> List(http://localhost:8080), Pragma -> List(no-cache), Upgrade -> List(websocket), Connection -> List(Upgrade), User-Agent -> List(Mozilla/5.0 (Windows NT 10.0; Win64; x64) AppleWebKit/537.36 (KHTML, like Gecko) Chrome/86.0.4240.111 Safari/537.36), Cache-Control -> List(no-cache), Remote-Address -> List(0:0:0:0:0:0:0:1:61091), Timeout-Access -> List(<function1>), Accept-Encoding -> List(gzip, deflate, br), Accept-Language -> List(en,de-DE;q=0.9,de;q=0.8,en-US;q=0.7,pt-BR;q=0.6,pt;q=0.5), Raw-Request-URI -> List(/app/0!SightReadMaster), Tls-Session-Info -> List(Session(1603985524857|SSL_NULL_WITH_NULL_NULL)), Sec-WebSocket-Key -> List(4C7zaaRyLCxT/yvHCRbQmg==), UpgradeToWebSocket -> List(), Sec-WebSocket-Version -> List(13), Sec-WebSocket-Extensions -> List(permessage-deflate; client_max_window_bits)))out: Actor[akka://application/system/Materializers/StreamSupervisor-0/$$h-actorRefSource#-1996835689]
2020-10-29 16:32:10,786 [INFO] in scala-execution-context-global-56 - [warn] javafx.css - CSS Error parsing '*{-fx-text-fill: #22222;}: Invalid color specification while parsing '-fx-text-fill' at [1,17]
2020-10-29 16:32:11,838 [INFO] in scala-execution-context-global-56 - [info] com.jpro.JS - received msg: new MainID: 824 userid: 294622342
2020-10-29 16:32:48,664 [INFO] in scala-execution-context-global-56 - [info] c.jpro - application requested: 1511778788!SightReadMaster
2020-10-29 16:32:48,667 [INFO] in scala-execution-context-global-56 - [info] c.jpro - Creating Application: 1511778788!SightReadMaster
2020-10-29 16:32:48,674 [INFO] in scala-execution-context-global-55 - [info] c.jpro - remoteAddress 0:0:0:0:0:0:0:1
2020-10-29 16:32:48,677 [INFO] in scala-execution-context-global-55 - [info] c.jpro - host          localhost:8080
2020-10-29 16:32:48,678 [INFO] in scala-execution-context-global-55 - [info] c.jpro - uri           /app/1511778788!SightReadMaster
2020-10-29 16:32:48,754 [INFO] in scala-execution-context-global-55 - [info] c.j.i.s.ViewSerializerActor - appdef: AppByID(1511778788,Some(AppByMain(sightreadmaster,com.jpro.hellojpro.MainFXML,None,NamedClassLoader(system),false))) clientinfo: ClientInfo(http://localhost:8080/,http://localhost:8080/app/SightReadMaster,1273.0,609.0,false,en,List(en, de-DE, en-US, pt-BR, pt, de),csrftoken=jSjBdeldEZPKCA5a1Qa5gh5F83P04DThhYdKz0N2z24yMkbeQKyFsWtot8E3Yw9y,Map(csrftoken -> jSjBdeldEZPKCA5a1Qa5gh5F83P04DThhYdKz0N2z24yMkbeQKyFsWtot8E3Yw9y, Idea-89ab94d4 -> 8868befc-9fd4-4441-af7d-31d29810825f),Map(Host -> List(localhost:8080), Cookie -> List(Idea-89ab94d4=8868befc-9fd4-4441-af7d-31d29810825f; csrftoken=jSjBdeldEZPKCA5a1Qa5gh5F83P04DThhYdKz0N2z24yMkbeQKyFsWtot8E3Yw9y), Origin -> List(http://localhost:8080), Pragma -> List(no-cache), Upgrade -> List(websocket), Connection -> List(Upgrade), User-Agent -> List(Mozilla/5.0 (Windows NT 10.0; Win64; x64) AppleWebKit/537.36 (KHTML, like Gecko) Chrome/86.0.4240.111 Safari/537.36), Cache-Control -> List(no-cache), Remote-Address -> List(0:0:0:0:0:0:0:1:61119), Timeout-Access -> List(<function1>), Accept-Encoding -> List(gzip, deflate, br), Accept-Language -> List(en,de-DE;q=0.9,de;q=0.8,en-US;q=0.7,pt-BR;q=0.6,pt;q=0.5), Raw-Request-URI -> List(/app/1511778788!SightReadMaster), Tls-Session-Info -> List(Session(1603985524857|SSL_NULL_WITH_NULL_NULL)), Sec-WebSocket-Key -> List(h5kQb12UK+KcT0VZXYnJZA==), UpgradeToWebSocket -> List(), Sec-WebSocket-Version -> List(13), Sec-WebSocket-Extensions -> List(permessage-deflate; client_max_window_bits)))out: Actor[akka://application/system/Materializers/StreamSupervisor-0/$$l-actorRefSource#-1757389422]
2020-10-29 16:32:49,183 [INFO] in scala-execution-context-global-55 - [warn] javafx.css - CSS Error parsing '*{-fx-text-fill: #22222;}: Invalid color specification while parsing '-fx-text-fill' at [1,17]
2020-10-29 16:32:49,582 [INFO] in scala-execution-context-global-55 - [info] com.jpro.JS - received msg: new MainID: 824 userid: 1297529210
2020-10-29 16:32:50,144 [INFO] in scala-execution-context-global-55 - [info] c.jpro - application requested: 1097455957!SightReadMaster
2020-10-29 16:32:50,149 [INFO] in scala-execution-context-global-55 - [info] c.jpro - Creating Application: 1097455957!SightReadMaster
2020-10-29 16:32:50,157 [INFO] in scala-execution-context-global-55 - [info] c.jpro - remoteAddress 0:0:0:0:0:0:0:1
2020-10-29 16:32:50,159 [INFO] in scala-execution-context-global-55 - [info] c.jpro - host          localhost:8080
2020-10-29 16:32:50,161 [INFO] in scala-execution-context-global-55 - [info] c.jpro - uri           /app/1097455957!SightReadMaster
2020-10-29 16:32:50,198 [INFO] in scala-execution-context-global-55 - [info] c.j.i.s.ViewSerializerActor - appdef: AppByID(1097455957,Some(AppByMain(sightreadmaster,com.jpro.hellojpro.MainFXML,None,NamedClassLoader(system),false))) clientinfo: ClientInfo(http://localhost:8080/#app,http://localhost:8080/app/SightReadMaster,1336.0,852.0,true,en,List(en, de-DE, en-US, pt-BR, pt, de),csrftoken=jSjBdeldEZPKCA5a1Qa5gh5F83P04DThhYdKz0N2z24yMkbeQKyFsWtot8E3Yw9y,Map(csrftoken -> jSjBdeldEZPKCA5a1Qa5gh5F83P04DThhYdKz0N2z24yMkbeQKyFsWtot8E3Yw9y, Idea-89ab94d4 -> 8868befc-9fd4-4441-af7d-31d29810825f),Map(Host -> List(localhost:8080), Cookie -> List(Idea-89ab94d4=8868befc-9fd4-4441-af7d-31d29810825f; csrftoken=jSjBdeldEZPKCA5a1Qa5gh5F83P04DThhYdKz0N2z24yMkbeQKyFsWtot8E3Yw9y), Origin -> List(http://localhost:8080), Pragma -> List(no-cache), Upgrade -> List(websocket), Connection -> List(Upgrade), User-Agent -> List(Mozilla/5.0 (Linux; Android 6.0; Nexus 5 Build/MRA58N) AppleWebKit/537.36 (KHTML, like Gecko) Chrome/86.0.4240.111 Mobile Safari/537.36), Cache-Control -> List(no-cache), Remote-Address -> List(0:0:0:0:0:0:0:1:61122), Timeout-Access -> List(<function1>), Accept-Encoding -> List(gzip, deflate, br), Accept-Language -> List(en,de-DE;q=0.9,de;q=0.8,en-US;q=0.7,pt-BR;q=0.6,pt;q=0.5), Raw-Request-URI -> List(/app/1097455957!SightReadMaster), Tls-Session-Info -> List(Session(1603985524857|SSL_NULL_WITH_NULL_NULL)), Sec-WebSocket-Key -> List(izP46lYVGarzN5j3n14RMw==), UpgradeToWebSocket -> List(), Sec-WebSocket-Version -> List(13), Sec-WebSocket-Extensions -> List(permessage-deflate; client_max_window_bits)))out: Actor[akka://application/system/Materializers/StreamSupervisor-0/$$p-actorRefSource#94491639]
2020-10-29 16:32:50,680 [INFO] in scala-execution-context-global-55 - [warn] javafx.css - CSS Error parsing '*{-fx-text-fill: #22222;}: Invalid color specification while parsing '-fx-text-fill' at [1,17]
2020-10-29 16:32:51,357 [INFO] in scala-execution-context-global-55 - [info] com.jpro.JS - received msg: new MainID: 824 userid: 741601660
2020-10-29 16:33:02,099 [INFO] in scala-execution-context-global-55 - [info] c.j.i.s.ViewInfo$ - 
2020-10-29 16:33:02,100 [INFO] in scala-execution-context-global-55 - [info] c.j.i.s.ViewInfo$ - Application closed:
2020-10-29 16:33:02,104 [INFO] in scala-execution-context-global-55 - [info] c.j.i.s.ViewInfo$ - startTime      : Thu Oct 29 16:33:02 CET 2020      
2020-10-29 16:33:02,105 [INFO] in scala-execution-context-global-55 - [info] c.j.i.s.ViewInfo$ - averageLatency : 00:00:00.007 
2020-10-29 16:33:02,105 [INFO] in scala-execution-context-global-55 - [info] c.j.i.s.ViewInfo$ - averageJitter  : 00:00:00.009  
2020-10-29 16:33:02,105 [INFO] in scala-execution-context-global-55 - [info] c.j.i.s.ViewInfo$ - framerateServer: 00:00:00.000
2020-10-29 16:33:02,105 [INFO] in scala-execution-context-global-55 - [info] c.j.i.s.ViewInfo$ - framerateClient: 00:00:00.000
2020-10-29 16:33:02,106 [INFO] in scala-execution-context-global-54 - [info] c.j.i.s.ViewInfo$ - raw            : 31484
2020-10-29 16:33:02,106 [INFO] in scala-execution-context-global-54 - [info] c.j.i.s.ViewInfo$ - zipped         : 5104
2020-10-29 16:33:02,106 [INFO] in scala-execution-context-global-54 - [info] c.j.i.s.ViewInfo$ - 
2020-10-29 16:33:02,608 [INFO] in scala-execution-context-global-54 - [info] c.j.i.s.ViewInfo$ - 
2020-10-29 16:33:02,609 [INFO] in scala-execution-context-global-54 - [info] c.j.i.s.ViewInfo$ - Application closed:
2020-10-29 16:33:02,616 [INFO] in scala-execution-context-global-54 - [info] c.j.i.s.ViewInfo$ - startTime      : Thu Oct 29 16:33:02 CET 2020      
2020-10-29 16:33:02,617 [INFO] in scala-execution-context-global-54 - [info] c.j.i.s.ViewInfo$ - averageLatency : 00:00:00.004 
2020-10-29 16:33:02,618 [INFO] in scala-execution-context-global-54 - [info] c.j.i.s.ViewInfo$ - averageJitter  : 00:00:00.004  
2020-10-29 16:33:02,618 [INFO] in scala-execution-context-global-54 - [info] c.j.i.s.ViewInfo$ - framerateServer: 00:00:00.000
2020-10-29 16:33:02,618 [INFO] in scala-execution-context-global-54 - [info] c.j.i.s.ViewInfo$ - framerateClient: 00:00:00.000
2020-10-29 16:33:02,619 [INFO] in scala-execution-context-global-54 - [info] c.j.i.s.ViewInfo$ - raw            : 31996
2020-10-29 16:33:02,620 [INFO] in scala-execution-context-global-54 - [info] c.j.i.s.ViewInfo$ - zipped         : 5273
2020-10-29 16:33:02,621 [INFO] in scala-execution-context-global-54 - [info] c.j.i.s.ViewInfo$ - 
2020-10-29 16:33:10,099 [INFO] in scala-execution-context-global-55 - [warn] c.jpro - jpro.plainFile - Couldn't get resource for: 'jpro/html/jpro-js-opt.js.map'
2020-10-29 16:33:11,006 [INFO] in scala-execution-context-global-55 - [info] c.j.i.c.InstanceImpl - closing window!
2020-10-29 16:33:12,173 [INFO] in scala-execution-context-global-55 - [info] c.j.i.c.InstanceImpl - closing window!
2020-10-29 16:45:15,746 [INFO] in scala-execution-context-global-55 - [info] c.j.m.s.Util$ - Flat
2020-10-29 16:45:15,773 [INFO] in scala-execution-context-global-55 - [error] com.jpro.JS - received msg: Unexpected exception at updateFun at TextInputControlInfo(TextInput(Flat,(0,0),186,(0,1)),text,false,Some(id: 4223)): scala.scalajs.js.JavaScriptException: ReferenceError: Cg is not defined
2020-10-29 16:45:15,790 [INFO] in scala-execution-context-global-55 - [error] com.jpro.JS - received msg: Unexpected exception at updateFun at TextInputControlInfo(TextInput(Flat,(0,0),186,(0,1)),text,false,Some(id: 4223)): scala.scalajs.js.JavaScriptException: ReferenceError: Cg is not defined
2020-10-29 16:45:16,317 [INFO] in scala-execution-context-global-55 - [error] com.jpro.JS - received msg: Unexpected exception at updateFun at TextInputControlInfo(TextInput(Sharp,(0,0),186,(0,2)),text,false,Some(id: 4223)): scala.scalajs.js.JavaScriptException: ReferenceError: Cg is not defined
2020-10-29 16:45:16,333 [INFO] in scala-execution-context-global-54 - [error] com.jpro.JS - received msg: Unexpected exception at updateFun at TextInputControlInfo(TextInput(Sharp,(0,0),186,(0,2)),text,false,Some(id: 4223)): scala.scalajs.js.JavaScriptException: ReferenceError: Cg is not defined
2020-10-29 16:45:16,817 [INFO] in scala-execution-context-global-54 - [info] c.j.m.s.Util$ - Db
2020-10-29 16:45:16,830 [INFO] in scala-execution-context-global-54 - [error] com.jpro.JS - received msg: Unexpected exception at updateFun at TextInputControlInfo(TextInput(Db,(0,0),199,(0,3)),text,false,Some(id: 4594)): scala.scalajs.js.JavaScriptException: ReferenceError: Cg is not defined
2020-10-29 16:45:44,820 [INFO] in scala-execution-context-global-54 - [info] c.j.i.s.ViewInfo$ - 
2020-10-29 16:45:44,823 [INFO] in scala-execution-context-global-54 - [info] c.j.i.s.ViewInfo$ - Application closed:
2020-10-29 16:45:44,826 [INFO] in scala-execution-context-global-54 - [info] c.j.i.s.ViewInfo$ - startTime      : Thu Oct 29 16:45:44 CET 2020      
2020-10-29 16:45:44,827 [INFO] in scala-execution-context-global-54 - [info] c.j.i.s.ViewInfo$ - averageLatency : 00:00:00.011 
2020-10-29 16:45:44,827 [INFO] in scala-execution-context-global-54 - [info] c.j.i.s.ViewInfo$ - averageJitter  : 00:00:00.012  
2020-10-29 16:45:44,828 [INFO] in scala-execution-context-global-54 - [info] c.j.i.s.ViewInfo$ - framerateServer: 00:00:00.000
2020-10-29 16:45:44,828 [INFO] in scala-execution-context-global-54 - [info] c.j.i.s.ViewInfo$ - framerateClient: 00:00:00.000
2020-10-29 16:45:44,828 [INFO] in scala-execution-context-global-54 - [info] c.j.i.s.ViewInfo$ - raw            : 1093510
2020-10-29 16:45:44,828 [INFO] in scala-execution-context-global-54 - [info] c.j.i.s.ViewInfo$ - zipped         : 223079
2020-10-29 16:45:44,829 [INFO] in scala-execution-context-global-55 - [info] c.j.i.s.ViewInfo$ - 
2020-10-29 16:45:45,326 [INFO] in scala-execution-context-global-55 - [info] c.jpro - application requested: 0!SightReadMaster
2020-10-29 16:45:45,327 [INFO] in scala-execution-context-global-55 - [info] c.jpro - Creating Application: 0!SightReadMaster
2020-10-29 16:45:45,330 [INFO] in scala-execution-context-global-55 - [info] c.jpro - remoteAddress 0:0:0:0:0:0:0:1
2020-10-29 16:45:45,331 [INFO] in scala-execution-context-global-55 - [info] c.jpro - host          localhost:8080
2020-10-29 16:45:45,334 [INFO] in scala-execution-context-global-55 - [info] c.jpro - uri           /app/0!SightReadMaster
2020-10-29 16:45:45,457 [INFO] in scala-execution-context-global-55 - [info] c.j.i.s.ViewSerializerActor - appdef: AppByMain(sightreadmaster,com.jpro.hellojpro.MainFXML,None,NamedClassLoader(system),false) clientinfo: ClientInfo(http://localhost:8080/#app,http://localhost:8080/app/SightReadMaster,1280.0,619.0,false,en,List(en, de-DE, en-US, pt-BR, pt, de),csrftoken=jSjBdeldEZPKCA5a1Qa5gh5F83P04DThhYdKz0N2z24yMkbeQKyFsWtot8E3Yw9y,Map(csrftoken -> jSjBdeldEZPKCA5a1Qa5gh5F83P04DThhYdKz0N2z24yMkbeQKyFsWtot8E3Yw9y, Idea-89ab94d4 -> 8868befc-9fd4-4441-af7d-31d29810825f),Map(Host -> List(localhost:8080), Cookie -> List(Idea-89ab94d4=8868befc-9fd4-4441-af7d-31d29810825f; csrftoken=jSjBdeldEZPKCA5a1Qa5gh5F83P04DThhYdKz0N2z24yMkbeQKyFsWtot8E3Yw9y), Origin -> List(http://localhost:8080), Pragma -> List(no-cache), Upgrade -> List(websocket), Connection -> List(Upgrade), User-Agent -> List(Mozilla/5.0 (Windows NT 10.0; Win64; x64) AppleWebKit/537.36 (KHTML, like Gecko) Chrome/86.0.4240.111 Safari/537.36), Cache-Control -> List(no-cache), Remote-Address -> List(0:0:0:0:0:0:0:1:61660), Timeout-Access -> List(<function1>), Accept-Encoding -> List(gzip, deflate, br), Accept-Language -> List(en,de-DE;q=0.9,de;q=0.8,en-US;q=0.7,pt-BR;q=0.6,pt;q=0.5), Raw-Request-URI -> List(/app/0!SightReadMaster), Tls-Session-Info -> List(Session(1603985524857|SSL_NULL_WITH_NULL_NULL)), Sec-WebSocket-Key -> List(gOlgsdd0mN+1MzGfFqC77Q==), UpgradeToWebSocket -> List(), Sec-WebSocket-Version -> List(13), Sec-WebSocket-Extensions -> List(permessage-deflate; client_max_window_bits)))out: Actor[akka://application/system/Materializers/StreamSupervisor-0/$$A-actorRefSource#433072760]
2020-10-29 16:45:45,665 [INFO] in scala-execution-context-global-55 - [warn] javafx.css - CSS Error parsing '*{-fx-text-fill: #22222;}: Invalid color specification while parsing '-fx-text-fill' at [1,17]
2020-10-29 16:45:45,854 [INFO] in scala-execution-context-global-55 - [info] com.jpro.JS - received msg: new MainID: 824 userid: 1797892881
2020-10-29 16:45:46,303 [INFO] in scala-execution-context-global-55 - [info] c.j.i.s.ViewInfo$ - 
2020-10-29 16:45:46,303 [INFO] in scala-execution-context-global-55 - [info] c.j.i.s.ViewInfo$ - Application closed:
2020-10-29 16:45:46,306 [INFO] in scala-execution-context-global-55 - [info] c.j.i.s.ViewInfo$ - startTime      : Thu Oct 29 16:45:46 CET 2020      
2020-10-29 16:45:46,307 [INFO] in scala-execution-context-global-55 - [info] c.j.i.s.ViewInfo$ - averageLatency : 00:00:00.002 
2020-10-29 16:45:46,307 [INFO] in scala-execution-context-global-55 - [info] c.j.i.s.ViewInfo$ - averageJitter  : 00:00:00.004  
2020-10-29 16:45:46,307 [INFO] in scala-execution-context-global-55 - [info] c.j.i.s.ViewInfo$ - framerateServer: 00:00:00.000
2020-10-29 16:45:46,308 [INFO] in scala-execution-context-global-55 - [info] c.j.i.s.ViewInfo$ - framerateClient: 00:00:00.000
2020-10-29 16:45:46,308 [INFO] in scala-execution-context-global-55 - [info] c.j.i.s.ViewInfo$ - raw            : 28924
2020-10-29 16:45:46,308 [INFO] in scala-execution-context-global-55 - [info] c.j.i.s.ViewInfo$ - zipped         : 4221
2020-10-29 16:45:46,308 [INFO] in scala-execution-context-global-55 - [info] c.j.i.s.ViewInfo$ - 
2020-10-29 16:45:51,566 [INFO] in scala-execution-context-global-55 - [info] c.j.i.c.InstanceImpl - closing window!
2020-10-29 16:46:21,172 [INFO] in scala-execution-context-global-55 - [info] c.jpro.activity - Closing the server -> used memory: 110 MB  -  free system memory: 1505 MB
